#! /c/Source/iverilog-install/bin/vvp
:ivl_version "12.0 (devel)" "(s20150603-1539-g2693dd32b)";
:ivl_delay_selection "TYPICAL";
:vpi_time_precision - 12;
:vpi_module "C:\iverilog\lib\ivl\system.vpi";
:vpi_module "C:\iverilog\lib\ivl\vhdl_sys.vpi";
:vpi_module "C:\iverilog\lib\ivl\vhdl_textio.vpi";
:vpi_module "C:\iverilog\lib\ivl\v2005_math.vpi";
:vpi_module "C:\iverilog\lib\ivl\va_math.vpi";
S_000001a05666c370 .scope module, "mu01_wb" "mu01_wb" 2 232;
 .timescale -9 -12;
v000001a0566c3bc0_0 .net "clk", 0 0, v000001a0566c33a0_0;  1 drivers
v000001a0566c3da0_0 .net "reset", 0 0, v000001a0566c36c0_0;  1 drivers
S_000001a056667a40 .scope module, "t_mu01" "mu01" 2 235, 2 3 0, S_000001a05666c370;
 .timescale -9 -12;
    .port_info 0 /INPUT 1 "clk";
    .port_info 1 /INPUT 1 "reset";
P_000001a0566634c0 .param/l "ADD" 1 2 14, C4<0010>;
P_000001a0566634f8 .param/l "ADDI" 1 2 15, C4<1010>;
P_000001a056663530 .param/l "AND" 1 2 26, C4<1110>;
P_000001a056663568 .param/l "DIV" 1 2 23, C4<1010>;
P_000001a0566635a0 .param/l "EXEC" 1 2 8, C4<1>;
P_000001a0566635d8 .param/l "FETCH" 1 2 7, C4<0>;
P_000001a056663610 .param/l "JGE" 1 2 19, C4<0101>;
P_000001a056663648 .param/l "JMP" 1 2 18, C4<0100>;
P_000001a056663680 .param/l "JNE" 1 2 20, C4<0110>;
P_000001a0566636b8 .param/l "LDA" 1 2 11, C4<0000>;
P_000001a0566636f0 .param/l "LDAI" 1 2 12, C4<1000>;
P_000001a056663728 .param/l "MUL" 1 2 22, C4<1001>;
P_000001a056663760 .param/l "OR" 1 2 27, C4<1111>;
P_000001a056663798 .param/l "SHL" 1 2 24, C4<1100>;
P_000001a0566637d0 .param/l "SHR" 1 2 25, C4<1101>;
P_000001a056663808 .param/l "STO" 1 2 13, C4<0001>;
P_000001a056663840 .param/l "STP" 1 2 21, C4<0111>;
P_000001a056663878 .param/l "SUB" 1 2 16, C4<0011>;
P_000001a0566638b0 .param/l "SUBI" 1 2 17, C4<1011>;
P_000001a0566638e8 .param/l "XOR" 1 2 28, C4<0000>;
v000001a0565f6ce0_0 .var "acc", 15 0;
v000001a0565f6f20_0 .net "clk", 0 0, v000001a0566c33a0_0;  alias, 1 drivers
v000001a05666c500_0 .var "cs", 0 0;
v000001a056667bd0_0 .var/i "i", 31 0;
v000001a056667c70_0 .var "ir", 15 0;
v000001a056667d10 .array "mem", 4095 0, 15 0;
v000001a056667db0_0 .var "ns", 0 0;
v000001a056644350_0 .net "opcode", 3 0, L_000001a0566c3440;  1 drivers
v000001a0566443f0_0 .net "operand", 11 0, L_000001a0566c3c60;  1 drivers
v000001a056644490_0 .var "overflow", 0 0;
v000001a056644530_0 .var "pc", 11 0;
v000001a0565f6680_0 .net "reset", 0 0, v000001a0566c36c0_0;  alias, 1 drivers
v000001a0566c3ee0_0 .var "underflow", 0 0;
E_000001a05663f160 .event anyedge, v000001a05666c500_0;
E_000001a05663f520 .event posedge, v000001a0565f6680_0, v000001a0565f6f20_0;
L_000001a0566c3c60 .part v000001a056667c70_0, 0, 12;
L_000001a0566c3440 .part v000001a056667c70_0, 12, 4;
S_000001a0565f6720 .scope module, "tg" "mu01_tg" 2 236, 2 216 0, S_000001a05666c370;
 .timescale -9 -12;
    .port_info 0 /OUTPUT 1 "clk";
    .port_info 1 /OUTPUT 1 "reset";
v000001a0566c33a0_0 .var "clk", 0 0;
v000001a0566c36c0_0 .var "reset", 0 0;
    .scope S_000001a056667a40;
T_0 ;
    %pushi/vec4 0, 0, 32;
    %store/vec4 v000001a056667bd0_0, 0, 32;
T_0.0 ;
    %load/vec4 v000001a056667bd0_0;
    %cmpi/s 4095, 0, 32;
    %jmp/0xz T_0.1, 5;
    %pushi/vec4 0, 0, 16;
    %ix/getv/s 4, v000001a056667bd0_0;
    %store/vec4a v000001a056667d10, 4, 0;
    %load/vec4 v000001a056667bd0_0;
    %addi 1, 0, 32;
    %store/vec4 v000001a056667bd0_0, 0, 32;
    %jmp T_0.0;
T_0.1 ;
    %pushi/vec4 32773, 0, 16;
    %ix/load 4, 0, 0;
    %flag_set/imm 4, 0;
    %store/vec4a v000001a056667d10, 4, 0;
    %pushi/vec4 45059, 0, 16;
    %ix/load 4, 1, 0;
    %flag_set/imm 4, 0;
    %store/vec4a v000001a056667d10, 4, 0;
    %pushi/vec4 8191, 0, 16;
    %ix/load 4, 2, 0;
    %flag_set/imm 4, 0;
    %store/vec4a v000001a056667d10, 4, 0;
    %pushi/vec4 28672, 0, 16;
    %ix/load 4, 3, 0;
    %flag_set/imm 4, 0;
    %store/vec4a v000001a056667d10, 4, 0;
    %pushi/vec4 32771, 0, 16;
    %ix/load 4, 4, 0;
    %flag_set/imm 4, 0;
    %store/vec4a v000001a056667d10, 4, 0;
    %pushi/vec4 8190, 0, 16;
    %ix/load 4, 5, 0;
    %flag_set/imm 4, 0;
    %store/vec4a v000001a056667d10, 4, 0;
    %pushi/vec4 32768, 0, 16;
    %ix/load 4, 6, 0;
    %flag_set/imm 4, 0;
    %store/vec4a v000001a056667d10, 4, 0;
    %pushi/vec4 40958, 0, 16;
    %ix/load 4, 7, 0;
    %flag_set/imm 4, 0;
    %store/vec4a v000001a056667d10, 4, 0;
    %pushi/vec4 8191, 0, 16;
    %ix/load 4, 8, 0;
    %flag_set/imm 4, 0;
    %store/vec4a v000001a056667d10, 4, 0;
    %pushi/vec4 28672, 0, 16;
    %ix/load 4, 9, 0;
    %flag_set/imm 4, 0;
    %store/vec4a v000001a056667d10, 4, 0;
    %pushi/vec4 32774, 0, 16;
    %ix/load 4, 10, 0;
    %flag_set/imm 4, 0;
    %store/vec4a v000001a056667d10, 4, 0;
    %pushi/vec4 8189, 0, 16;
    %ix/load 4, 11, 0;
    %flag_set/imm 4, 0;
    %store/vec4a v000001a056667d10, 4, 0;
    %pushi/vec4 32770, 0, 16;
    %ix/load 4, 12, 0;
    %flag_set/imm 4, 0;
    %store/vec4a v000001a056667d10, 4, 0;
    %pushi/vec4 45053, 0, 16;
    %ix/load 4, 13, 0;
    %flag_set/imm 4, 0;
    %store/vec4a v000001a056667d10, 4, 0;
    %pushi/vec4 8191, 0, 16;
    %ix/load 4, 14, 0;
    %flag_set/imm 4, 0;
    %store/vec4a v000001a056667d10, 4, 0;
    %pushi/vec4 28672, 0, 16;
    %ix/load 4, 15, 0;
    %flag_set/imm 4, 0;
    %store/vec4a v000001a056667d10, 4, 0;
    %pushi/vec4 32769, 0, 16;
    %ix/load 4, 16, 0;
    %flag_set/imm 4, 0;
    %store/vec4a v000001a056667d10, 4, 0;
    %pushi/vec4 8190, 0, 16;
    %ix/load 4, 17, 0;
    %flag_set/imm 4, 0;
    %store/vec4a v000001a056667d10, 4, 0;
    %pushi/vec4 32770, 0, 16;
    %ix/load 4, 18, 0;
    %flag_set/imm 4, 0;
    %store/vec4a v000001a056667d10, 4, 0;
    %pushi/vec4 53246, 0, 16;
    %ix/load 4, 19, 0;
    %flag_set/imm 4, 0;
    %store/vec4a v000001a056667d10, 4, 0;
    %pushi/vec4 8191, 0, 16;
    %ix/load 4, 20, 0;
    %flag_set/imm 4, 0;
    %store/vec4a v000001a056667d10, 4, 0;
    %pushi/vec4 28672, 0, 16;
    %ix/load 4, 21, 0;
    %flag_set/imm 4, 0;
    %store/vec4a v000001a056667d10, 4, 0;
    %pushi/vec4 32772, 0, 16;
    %ix/load 4, 22, 0;
    %flag_set/imm 4, 0;
    %store/vec4a v000001a056667d10, 4, 0;
    %pushi/vec4 8190, 0, 16;
    %ix/load 4, 23, 0;
    %flag_set/imm 4, 0;
    %store/vec4a v000001a056667d10, 4, 0;
    %pushi/vec4 32769, 0, 16;
    %ix/load 4, 24, 0;
    %flag_set/imm 4, 0;
    %store/vec4a v000001a056667d10, 4, 0;
    %pushi/vec4 57342, 0, 16;
    %ix/load 4, 25, 0;
    %flag_set/imm 4, 0;
    %store/vec4a v000001a056667d10, 4, 0;
    %pushi/vec4 8191, 0, 16;
    %ix/load 4, 26, 0;
    %flag_set/imm 4, 0;
    %store/vec4a v000001a056667d10, 4, 0;
    %pushi/vec4 28672, 0, 16;
    %ix/load 4, 27, 0;
    %flag_set/imm 4, 0;
    %store/vec4a v000001a056667d10, 4, 0;
    %pushi/vec4 32774, 0, 16;
    %ix/load 4, 28, 0;
    %flag_set/imm 4, 0;
    %store/vec4a v000001a056667d10, 4, 0;
    %pushi/vec4 8190, 0, 16;
    %ix/load 4, 29, 0;
    %flag_set/imm 4, 0;
    %store/vec4a v000001a056667d10, 4, 0;
    %pushi/vec4 32771, 0, 16;
    %ix/load 4, 30, 0;
    %flag_set/imm 4, 0;
    %store/vec4a v000001a056667d10, 4, 0;
    %pushi/vec4 61438, 0, 16;
    %ix/load 4, 31, 0;
    %flag_set/imm 4, 0;
    %store/vec4a v000001a056667d10, 4, 0;
    %pushi/vec4 8191, 0, 16;
    %ix/load 4, 32, 0;
    %flag_set/imm 4, 0;
    %store/vec4a v000001a056667d10, 4, 0;
    %pushi/vec4 28672, 0, 16;
    %ix/load 4, 33, 0;
    %flag_set/imm 4, 0;
    %store/vec4a v000001a056667d10, 4, 0;
    %pushi/vec4 32774, 0, 16;
    %ix/load 4, 34, 0;
    %flag_set/imm 4, 0;
    %store/vec4a v000001a056667d10, 4, 0;
    %pushi/vec4 8190, 0, 16;
    %ix/load 4, 35, 0;
    %flag_set/imm 4, 0;
    %store/vec4a v000001a056667d10, 4, 0;
    %pushi/vec4 32771, 0, 16;
    %ix/load 4, 36, 0;
    %flag_set/imm 4, 0;
    %store/vec4a v000001a056667d10, 4, 0;
    %pushi/vec4 65534, 0, 16;
    %ix/load 4, 37, 0;
    %flag_set/imm 4, 0;
    %store/vec4a v000001a056667d10, 4, 0;
    %pushi/vec4 8191, 0, 16;
    %ix/load 4, 38, 0;
    %flag_set/imm 4, 0;
    %store/vec4a v000001a056667d10, 4, 0;
    %pushi/vec4 28672, 0, 16;
    %ix/load 4, 39, 0;
    %flag_set/imm 4, 0;
    %store/vec4a v000001a056667d10, 4, 0;
    %pushi/vec4 32774, 0, 16;
    %ix/load 4, 40, 0;
    %flag_set/imm 4, 0;
    %store/vec4a v000001a056667d10, 4, 0;
    %pushi/vec4 8190, 0, 16;
    %ix/load 4, 41, 0;
    %flag_set/imm 4, 0;
    %store/vec4a v000001a056667d10, 4, 0;
    %pushi/vec4 32771, 0, 16;
    %ix/load 4, 42, 0;
    %flag_set/imm 4, 0;
    %store/vec4a v000001a056667d10, 4, 0;
    %pushi/vec4 4094, 0, 16;
    %ix/load 4, 43, 0;
    %flag_set/imm 4, 0;
    %store/vec4a v000001a056667d10, 4, 0;
    %pushi/vec4 8191, 0, 16;
    %ix/load 4, 44, 0;
    %flag_set/imm 4, 0;
    %store/vec4a v000001a056667d10, 4, 0;
    %pushi/vec4 28672, 0, 16;
    %ix/load 4, 45, 0;
    %flag_set/imm 4, 0;
    %store/vec4a v000001a056667d10, 4, 0;
    %end;
    .thread T_0;
    .scope S_000001a056667a40;
T_1 ;
    %wait E_000001a05663f520;
    %load/vec4 v000001a0565f6680_0;
    %flag_set/vec4 8;
    %jmp/0xz  T_1.0, 8;
    %pushi/vec4 0, 0, 1;
    %assign/vec4 v000001a05666c500_0, 0;
    %pushi/vec4 0, 0, 12;
    %assign/vec4 v000001a056644530_0, 0;
    %pushi/vec4 0, 0, 16;
    %assign/vec4 v000001a0565f6ce0_0, 0;
    %pushi/vec4 0, 0, 1;
    %assign/vec4 v000001a056644490_0, 0;
    %pushi/vec4 0, 0, 1;
    %assign/vec4 v000001a0566c3ee0_0, 0;
    %jmp T_1.1;
T_1.0 ;
    %load/vec4 v000001a056667db0_0;
    %assign/vec4 v000001a05666c500_0, 0;
T_1.1 ;
    %jmp T_1;
    .thread T_1;
    .scope S_000001a056667a40;
T_2 ;
    %wait E_000001a05663f160;
    %load/vec4 v000001a05666c500_0;
    %dup/vec4;
    %pushi/vec4 0, 0, 1;
    %cmp/u;
    %jmp/1 T_2.0, 6;
    %dup/vec4;
    %pushi/vec4 1, 0, 1;
    %cmp/u;
    %jmp/1 T_2.1, 6;
    %jmp T_2.2;
T_2.0 ;
    %load/vec4 v000001a056644530_0;
    %pad/u 14;
    %ix/vec4 4;
    %load/vec4a v000001a056667d10, 4;
    %store/vec4 v000001a056667c70_0, 0, 16;
    %load/vec4 v000001a056644530_0;
    %addi 1, 0, 12;
    %store/vec4 v000001a056644530_0, 0, 12;
    %pushi/vec4 1, 0, 1;
    %store/vec4 v000001a056667db0_0, 0, 1;
    %jmp T_2.2;
T_2.1 ;
    %load/vec4 v000001a056644350_0;
    %dup/vec4;
    %pushi/vec4 0, 0, 4;
    %cmp/u;
    %jmp/1 T_2.3, 6;
    %dup/vec4;
    %pushi/vec4 8, 0, 4;
    %cmp/u;
    %jmp/1 T_2.4, 6;
    %dup/vec4;
    %pushi/vec4 1, 0, 4;
    %cmp/u;
    %jmp/1 T_2.5, 6;
    %dup/vec4;
    %pushi/vec4 2, 0, 4;
    %cmp/u;
    %jmp/1 T_2.6, 6;
    %dup/vec4;
    %pushi/vec4 10, 0, 4;
    %cmp/u;
    %jmp/1 T_2.7, 6;
    %dup/vec4;
    %pushi/vec4 3, 0, 4;
    %cmp/u;
    %jmp/1 T_2.8, 6;
    %dup/vec4;
    %pushi/vec4 11, 0, 4;
    %cmp/u;
    %jmp/1 T_2.9, 6;
    %dup/vec4;
    %pushi/vec4 9, 0, 4;
    %cmp/u;
    %jmp/1 T_2.10, 6;
    %dup/vec4;
    %pushi/vec4 10, 0, 4;
    %cmp/u;
    %jmp/1 T_2.11, 6;
    %dup/vec4;
    %pushi/vec4 12, 0, 4;
    %cmp/u;
    %jmp/1 T_2.12, 6;
    %dup/vec4;
    %pushi/vec4 13, 0, 4;
    %cmp/u;
    %jmp/1 T_2.13, 6;
    %dup/vec4;
    %pushi/vec4 14, 0, 4;
    %cmp/u;
    %jmp/1 T_2.14, 6;
    %dup/vec4;
    %pushi/vec4 15, 0, 4;
    %cmp/u;
    %jmp/1 T_2.15, 6;
    %dup/vec4;
    %pushi/vec4 0, 0, 4;
    %cmp/u;
    %jmp/1 T_2.16, 6;
    %dup/vec4;
    %pushi/vec4 4, 0, 4;
    %cmp/u;
    %jmp/1 T_2.17, 6;
    %dup/vec4;
    %pushi/vec4 5, 0, 4;
    %cmp/u;
    %jmp/1 T_2.18, 6;
    %dup/vec4;
    %pushi/vec4 6, 0, 4;
    %cmp/u;
    %jmp/1 T_2.19, 6;
    %dup/vec4;
    %pushi/vec4 7, 0, 4;
    %cmp/u;
    %jmp/1 T_2.20, 6;
    %pushi/vec4 1, 0, 1;
    %store/vec4 v000001a056667db0_0, 0, 1;
    %jmp T_2.22;
T_2.3 ;
    %load/vec4 v000001a0566443f0_0;
    %pad/u 14;
    %ix/vec4 4;
    %load/vec4a v000001a056667d10, 4;
    %store/vec4 v000001a0565f6ce0_0, 0, 16;
    %pushi/vec4 0, 0, 1;
    %store/vec4 v000001a056667db0_0, 0, 1;
    %jmp T_2.22;
T_2.4 ;
    %pushi/vec4 0, 0, 4;
    %load/vec4 v000001a0566443f0_0;
    %concat/vec4; draw_concat_vec4
    %store/vec4 v000001a0565f6ce0_0, 0, 16;
    %pushi/vec4 0, 0, 1;
    %store/vec4 v000001a056667db0_0, 0, 1;
    %jmp T_2.22;
T_2.5 ;
    %load/vec4 v000001a0565f6ce0_0;
    %load/vec4 v000001a0566443f0_0;
    %pad/u 14;
    %ix/vec4 4;
    %store/vec4a v000001a056667d10, 4, 0;
    %pushi/vec4 0, 0, 1;
    %store/vec4 v000001a056667db0_0, 0, 1;
    %jmp T_2.22;
T_2.6 ;
    %load/vec4 v000001a0565f6ce0_0;
    %pad/u 17;
    %load/vec4 v000001a0566443f0_0;
    %pad/u 14;
    %ix/vec4 4;
    %load/vec4a v000001a056667d10, 4;
    %pad/u 17;
    %add;
    %split/vec4 16;
    %store/vec4 v000001a0565f6ce0_0, 0, 16;
    %store/vec4 v000001a056644490_0, 0, 1;
    %pushi/vec4 0, 0, 1;
    %store/vec4 v000001a056667db0_0, 0, 1;
    %jmp T_2.22;
T_2.7 ;
    %load/vec4 v000001a0565f6ce0_0;
    %pad/u 17;
    %load/vec4 v000001a0566443f0_0;
    %pad/u 17;
    %add;
    %split/vec4 16;
    %store/vec4 v000001a0565f6ce0_0, 0, 16;
    %store/vec4 v000001a056644490_0, 0, 1;
    %pushi/vec4 0, 0, 1;
    %store/vec4 v000001a056667db0_0, 0, 1;
    %jmp T_2.22;
T_2.8 ;
    %load/vec4 v000001a0565f6ce0_0;
    %pad/u 17;
    %load/vec4 v000001a0566443f0_0;
    %pad/u 14;
    %ix/vec4 4;
    %load/vec4a v000001a056667d10, 4;
    %pad/u 17;
    %sub;
    %split/vec4 16;
    %store/vec4 v000001a0565f6ce0_0, 0, 16;
    %store/vec4 v000001a0566c3ee0_0, 0, 1;
    %pushi/vec4 0, 0, 1;
    %store/vec4 v000001a056667db0_0, 0, 1;
    %jmp T_2.22;
T_2.9 ;
    %load/vec4 v000001a0565f6ce0_0;
    %pad/u 17;
    %load/vec4 v000001a0566443f0_0;
    %pad/u 17;
    %sub;
    %split/vec4 16;
    %store/vec4 v000001a0565f6ce0_0, 0, 16;
    %store/vec4 v000001a0566c3ee0_0, 0, 1;
    %pushi/vec4 0, 0, 1;
    %store/vec4 v000001a056667db0_0, 0, 1;
    %jmp T_2.22;
T_2.10 ;
    %load/vec4 v000001a0565f6ce0_0;
    %load/vec4 v000001a0566443f0_0;
    %pad/u 14;
    %ix/vec4 4;
    %load/vec4a v000001a056667d10, 4;
    %mul;
    %store/vec4 v000001a0565f6ce0_0, 0, 16;
    %pushi/vec4 0, 0, 1;
    %store/vec4 v000001a056667db0_0, 0, 1;
    %jmp T_2.22;
T_2.11 ;
    %load/vec4 v000001a0566443f0_0;
    %pad/u 14;
    %ix/vec4 4;
    %load/vec4a v000001a056667d10, 4;
    %pad/u 32;
    %cmpi/ne 0, 0, 32;
    %jmp/0xz  T_2.23, 4;
    %load/vec4 v000001a0565f6ce0_0;
    %load/vec4 v000001a0566443f0_0;
    %pad/u 14;
    %ix/vec4 4;
    %load/vec4a v000001a056667d10, 4;
    %div;
    %store/vec4 v000001a0565f6ce0_0, 0, 16;
    %jmp T_2.24;
T_2.23 ;
    %pushi/vec4 65535, 0, 16;
    %store/vec4 v000001a0565f6ce0_0, 0, 16;
T_2.24 ;
    %pushi/vec4 0, 0, 1;
    %store/vec4 v000001a056667db0_0, 0, 1;
    %jmp T_2.22;
T_2.12 ;
    %load/vec4 v000001a0565f6ce0_0;
    %ix/getv 4, v000001a0566443f0_0;
    %shiftl 4;
    %store/vec4 v000001a0565f6ce0_0, 0, 16;
    %pushi/vec4 0, 0, 1;
    %store/vec4 v000001a056667db0_0, 0, 1;
    %jmp T_2.22;
T_2.13 ;
    %load/vec4 v000001a0565f6ce0_0;
    %ix/getv 4, v000001a0566443f0_0;
    %shiftr 4;
    %store/vec4 v000001a0565f6ce0_0, 0, 16;
    %pushi/vec4 0, 0, 1;
    %store/vec4 v000001a056667db0_0, 0, 1;
    %jmp T_2.22;
T_2.14 ;
    %load/vec4 v000001a0565f6ce0_0;
    %load/vec4 v000001a0566443f0_0;
    %pad/u 14;
    %ix/vec4 4;
    %load/vec4a v000001a056667d10, 4;
    %and;
    %store/vec4 v000001a0565f6ce0_0, 0, 16;
    %pushi/vec4 0, 0, 1;
    %store/vec4 v000001a056667db0_0, 0, 1;
    %jmp T_2.22;
T_2.15 ;
    %load/vec4 v000001a0565f6ce0_0;
    %load/vec4 v000001a0566443f0_0;
    %pad/u 14;
    %ix/vec4 4;
    %load/vec4a v000001a056667d10, 4;
    %or;
    %store/vec4 v000001a0565f6ce0_0, 0, 16;
    %pushi/vec4 0, 0, 1;
    %store/vec4 v000001a056667db0_0, 0, 1;
    %jmp T_2.22;
T_2.16 ;
    %load/vec4 v000001a0565f6ce0_0;
    %load/vec4 v000001a0566443f0_0;
    %pad/u 14;
    %ix/vec4 4;
    %load/vec4a v000001a056667d10, 4;
    %xor;
    %store/vec4 v000001a0565f6ce0_0, 0, 16;
    %pushi/vec4 0, 0, 1;
    %store/vec4 v000001a056667db0_0, 0, 1;
    %jmp T_2.22;
T_2.17 ;
    %load/vec4 v000001a0566443f0_0;
    %store/vec4 v000001a056644530_0, 0, 12;
    %pushi/vec4 0, 0, 1;
    %store/vec4 v000001a056667db0_0, 0, 1;
    %jmp T_2.22;
T_2.18 ;
    %load/vec4 v000001a0565f6ce0_0;
    %pad/u 32;
    %cmpi/u 0, 0, 32;
    %flag_inv 5; GE is !LT
    %flag_mov 8, 5;
    %jmp/0 T_2.25, 8;
    %load/vec4 v000001a0566443f0_0;
    %jmp/1 T_2.26, 8;
T_2.25 ; End of true expr.
    %load/vec4 v000001a056644530_0;
    %jmp/0 T_2.26, 8;
 ; End of false expr.
    %blend;
T_2.26;
    %store/vec4 v000001a056644530_0, 0, 12;
    %pushi/vec4 0, 0, 1;
    %store/vec4 v000001a056667db0_0, 0, 1;
    %jmp T_2.22;
T_2.19 ;
    %load/vec4 v000001a0565f6ce0_0;
    %pad/u 32;
    %cmpi/ne 0, 0, 32;
    %flag_mov 8, 4;
    %jmp/0 T_2.27, 8;
    %load/vec4 v000001a0566443f0_0;
    %jmp/1 T_2.28, 8;
T_2.27 ; End of true expr.
    %load/vec4 v000001a056644530_0;
    %jmp/0 T_2.28, 8;
 ; End of false expr.
    %blend;
T_2.28;
    %store/vec4 v000001a056644530_0, 0, 12;
    %pushi/vec4 0, 0, 1;
    %store/vec4 v000001a056667db0_0, 0, 1;
    %jmp T_2.22;
T_2.20 ;
    %pushi/vec4 1, 0, 1;
    %store/vec4 v000001a056667db0_0, 0, 1;
    %jmp T_2.22;
T_2.22 ;
    %pop/vec4 1;
    %jmp T_2.2;
T_2.2 ;
    %pop/vec4 1;
    %jmp T_2;
    .thread T_2, $push;
    .scope S_000001a0565f6720;
T_3 ;
    %vpi_call 2 220 "$monitor", $time, " ", " ", "cs=%b: operand=%b opcode=%b acc=%b pc=%b mem[FFF]=%h", v000001a05666c500_0, v000001a0566443f0_0, v000001a056644350_0, v000001a0565f6ce0_0, v000001a056644530_0, &A<v000001a056667d10, 4095> {0 0 0};
    %pushi/vec4 0, 0, 1;
    %store/vec4 v000001a0566c33a0_0, 0, 1;
    %pushi/vec4 1, 0, 1;
    %store/vec4 v000001a0566c36c0_0, 0, 1;
    %delay 4000, 0;
    %pushi/vec4 0, 0, 1;
    %store/vec4 v000001a0566c36c0_0, 0, 1;
    %delay 30000, 0;
    %vpi_call 2 226 "$finish" {0 0 0};
    %end;
    .thread T_3;
    .scope S_000001a0565f6720;
T_4 ;
    %delay 1000, 0;
    %load/vec4 v000001a0566c33a0_0;
    %inv;
    %store/vec4 v000001a0566c33a0_0, 0, 1;
    %jmp T_4;
    .thread T_4;
# The file index is used to find the file name in the following table.
:file_names 3;
    "N/A";
    "<interactive>";
    "All_AluProcessor.v";
