#! /c/Source/iverilog-install/bin/vvp
:ivl_version "12.0 (devel)" "(s20150603-1539-g2693dd32b)";
:ivl_delay_selection "TYPICAL";
:vpi_time_precision + 0;
:vpi_module "C:\iverilog\lib\ivl\system.vpi";
:vpi_module "C:\iverilog\lib\ivl\vhdl_sys.vpi";
:vpi_module "C:\iverilog\lib\ivl\vhdl_textio.vpi";
:vpi_module "C:\iverilog\lib\ivl\v2005_math.vpi";
:vpi_module "C:\iverilog\lib\ivl\va_math.vpi";
S_000001f13b3d56e0 .scope module, "tb_half_adder" "tb_half_adder" 2 16;
 .timescale 0 0;
v000001f13b3d5aa0_0 .var "a", 0 0;
v000001f13b149240_0 .var "b", 0 0;
v000001f13b1492e0_0 .net "carry", 0 0, L_000001f13b1481c0;  1 drivers
v000001f13b149380_0 .net "sum", 0 0, L_000001f13b14bed0;  1 drivers
S_000001f13b3d5870 .scope module, "uut" "half_adder" 2 27, 2 2 0, S_000001f13b3d56e0;
 .timescale 0 0;
    .port_info 0 /INPUT 1 "a";
    .port_info 1 /INPUT 1 "b";
    .port_info 2 /OUTPUT 1 "sum";
    .port_info 3 /OUTPUT 1 "carry";
L_000001f13b14bed0 .functor XOR 1, v000001f13b3d5aa0_0, v000001f13b149240_0, C4<0>, C4<0>;
L_000001f13b1481c0 .functor AND 1, v000001f13b3d5aa0_0, v000001f13b149240_0, C4<1>, C4<1>;
v000001f13b146f00_0 .net "a", 0 0, v000001f13b3d5aa0_0;  1 drivers
v000001f13b146a60_0 .net "b", 0 0, v000001f13b149240_0;  1 drivers
v000001f13b148120_0 .net "carry", 0 0, L_000001f13b1481c0;  alias, 1 drivers
v000001f13b3d5a00_0 .net "sum", 0 0, L_000001f13b14bed0;  alias, 1 drivers
    .scope S_000001f13b3d56e0;
T_0 ;
    %vpi_call 2 37 "$monitor", "Time: %0t | a = %b, b = %b | sum = %b, carry = %b", $time, v000001f13b3d5aa0_0, v000001f13b149240_0, v000001f13b149380_0, v000001f13b1492e0_0 {0 0 0};
    %pushi/vec4 0, 0, 1;
    %store/vec4 v000001f13b3d5aa0_0, 0, 1;
    %pushi/vec4 0, 0, 1;
    %store/vec4 v000001f13b149240_0, 0, 1;
    %delay 10, 0;
    %pushi/vec4 0, 0, 1;
    %store/vec4 v000001f13b3d5aa0_0, 0, 1;
    %pushi/vec4 1, 0, 1;
    %store/vec4 v000001f13b149240_0, 0, 1;
    %delay 10, 0;
    %pushi/vec4 1, 0, 1;
    %store/vec4 v000001f13b3d5aa0_0, 0, 1;
    %pushi/vec4 0, 0, 1;
    %store/vec4 v000001f13b149240_0, 0, 1;
    %delay 10, 0;
    %pushi/vec4 1, 0, 1;
    %store/vec4 v000001f13b3d5aa0_0, 0, 1;
    %pushi/vec4 1, 0, 1;
    %store/vec4 v000001f13b149240_0, 0, 1;
    %delay 10, 0;
    %vpi_call 2 46 "$finish" {0 0 0};
    %end;
    .thread T_0;
# The file index is used to find the file name in the following table.
:file_names 3;
    "N/A";
    "<interactive>";
    "ha.v";
