#! /c/Source/iverilog-install/bin/vvp
:ivl_version "12.0 (devel)" "(s20150603-1539-g2693dd32b)";
:ivl_delay_selection "TYPICAL";
:vpi_time_precision + 0;
:vpi_module "C:\iverilog\lib\ivl\system.vpi";
:vpi_module "C:\iverilog\lib\ivl\vhdl_sys.vpi";
:vpi_module "C:\iverilog\lib\ivl\vhdl_textio.vpi";
:vpi_module "C:\iverilog\lib\ivl\v2005_math.vpi";
:vpi_module "C:\iverilog\lib\ivl\va_math.vpi";
:vpi_module "C:\iverilog\lib\ivl\v2009.vpi";
S_000002929305c6d0 .scope package, "$unit" "$unit" 2 1;
 .timescale 0 0;
S_000002929305c860 .scope module, "rom_64x8_tb" "rom_64x8_tb" 3 21;
 .timescale 0 0;
v0000029292f65f50_0 .var "addr", 5 0;
v0000029293056f10_0 .var "clk", 0 0;
v0000029293056fb0_0 .net "dout", 7 0, v000002929305be60_0;  1 drivers
v0000029293057050_0 .var/i "i", 31 0;
S_0000029293056d80 .scope module, "rom_inst" "rom_64x8" 3 27, 3 1 0, S_000002929305c860;
 .timescale 0 0;
    .port_info 0 /INPUT 1 "clk";
    .port_info 1 /INPUT 6 "addr";
    .port_info 2 /OUTPUT 8 "dout";
v000002929305c9f0_0 .net "addr", 5 0, v0000029292f65f50_0;  1 drivers
v000002929305ca90_0 .net "clk", 0 0, v0000029293056f10_0;  1 drivers
v000002929305be60_0 .var "dout", 7 0;
v000002929305bf00_0 .var/i "i", 31 0;
v0000029292f65eb0 .array "rom_memory", 0 63, 7 0;
E_0000029293059f70 .event posedge, v000002929305ca90_0;
    .scope S_0000029293056d80;
T_0 ;
    %pushi/vec4 0, 0, 32;
    %store/vec4 v000002929305bf00_0, 0, 32;
T_0.0 ;
    %load/vec4 v000002929305bf00_0;
    %cmpi/s 64, 0, 32;
    %jmp/0xz T_0.1, 5;
    %load/vec4 v000002929305bf00_0;
    %pad/s 8;
    %ix/getv/s 4, v000002929305bf00_0;
    %store/vec4a v0000029292f65eb0, 4, 0;
    %load/vec4 v000002929305bf00_0;
    %addi 1, 0, 32;
    %store/vec4 v000002929305bf00_0, 0, 32;
    %jmp T_0.0;
T_0.1 ;
    %end;
    .thread T_0;
    .scope S_0000029293056d80;
T_1 ;
    %wait E_0000029293059f70;
    %load/vec4 v000002929305c9f0_0;
    %pad/u 8;
    %ix/vec4 4;
    %load/vec4a v0000029292f65eb0, 4;
    %assign/vec4 v000002929305be60_0, 0;
    %jmp T_1;
    .thread T_1;
    .scope S_000002929305c860;
T_2 ;
    %delay 5, 0;
    %load/vec4 v0000029293056f10_0;
    %inv;
    %store/vec4 v0000029293056f10_0, 0, 1;
    %jmp T_2;
    .thread T_2;
    .scope S_000002929305c860;
T_3 ;
    %pushi/vec4 0, 0, 1;
    %store/vec4 v0000029293056f10_0, 0, 1;
    %pushi/vec4 0, 0, 6;
    %store/vec4 v0000029292f65f50_0, 0, 6;
    %pushi/vec4 0, 0, 32;
    %store/vec4 v0000029293057050_0, 0, 32;
T_3.0 ;
    %load/vec4 v0000029293057050_0;
    %cmpi/s 64, 0, 32;
    %jmp/0xz T_3.1, 5;
    %load/vec4 v0000029293057050_0;
    %pad/s 6;
    %store/vec4 v0000029292f65f50_0, 0, 6;
    %delay 10, 0;
    %vpi_func 3 41 "$time" 64 {0 0 0};
    %subi 10, 0, 64;
    %vpi_call/w 3 41 "$display", "At Time :%0t  Address is : %h,  Data is : %h", S<0,vec4,u64>, v0000029292f65f50_0, v0000029293056fb0_0 {1 0 0};
    %load/vec4 v0000029293057050_0;
    %addi 1, 0, 32;
    %store/vec4 v0000029293057050_0, 0, 32;
    %jmp T_3.0;
T_3.1 ;
    %vpi_call/w 3 43 "$finish" {0 0 0};
    %end;
    .thread T_3;
# The file index is used to find the file name in the following table.
:file_names 4;
    "N/A";
    "<interactive>";
    "-";
    "rom.v";
