#! /c/Source/iverilog-install/bin/vvp
:ivl_version "12.0 (devel)" "(s20150603-1539-g2693dd32b)";
:ivl_delay_selection "TYPICAL";
:vpi_time_precision + 0;
:vpi_module "C:\iverilog\lib\ivl\system.vpi";
:vpi_module "C:\iverilog\lib\ivl\vhdl_sys.vpi";
:vpi_module "C:\iverilog\lib\ivl\vhdl_textio.vpi";
:vpi_module "C:\iverilog\lib\ivl\v2005_math.vpi";
:vpi_module "C:\iverilog\lib\ivl\va_math.vpi";
:vpi_module "C:\iverilog\lib\ivl\v2009.vpi";
S_00000259b9c9bc10 .scope package, "$unit" "$unit" 2 1;
 .timescale 0 0;
S_00000259b9c9bda0 .scope module, "tb_rom_64x8" "tb_rom_64x8" 3 82;
 .timescale 0 0;
v00000259b9cefb10_0 .var "address", 5 0;
v00000259b9cefbb0_0 .net "data", 7 0, v00000259b9cfcfe0_0;  1 drivers
S_00000259b9cdd720 .scope module, "uut" "rom_64x8" 3 85, 3 1 0, S_00000259b9c9bda0;
 .timescale 0 0;
    .port_info 0 /INPUT 6 "address";
    .port_info 1 /OUTPUT 8 "data";
v00000259b9c9bf30_0 .net "address", 5 0, v00000259b9cefb10_0;  1 drivers
v00000259b9cfcfe0_0 .var "data", 7 0;
v00000259b9cf3d00 .array "rom", 63 0, 7 0;
v00000259b9cf3d00_0 .array/port v00000259b9cf3d00, 0;
v00000259b9cf3d00_1 .array/port v00000259b9cf3d00, 1;
v00000259b9cf3d00_2 .array/port v00000259b9cf3d00, 2;
E_00000259b9ce1ed0/0 .event anyedge, v00000259b9c9bf30_0, v00000259b9cf3d00_0, v00000259b9cf3d00_1, v00000259b9cf3d00_2;
v00000259b9cf3d00_3 .array/port v00000259b9cf3d00, 3;
v00000259b9cf3d00_4 .array/port v00000259b9cf3d00, 4;
v00000259b9cf3d00_5 .array/port v00000259b9cf3d00, 5;
v00000259b9cf3d00_6 .array/port v00000259b9cf3d00, 6;
E_00000259b9ce1ed0/1 .event anyedge, v00000259b9cf3d00_3, v00000259b9cf3d00_4, v00000259b9cf3d00_5, v00000259b9cf3d00_6;
v00000259b9cf3d00_7 .array/port v00000259b9cf3d00, 7;
v00000259b9cf3d00_8 .array/port v00000259b9cf3d00, 8;
v00000259b9cf3d00_9 .array/port v00000259b9cf3d00, 9;
v00000259b9cf3d00_10 .array/port v00000259b9cf3d00, 10;
E_00000259b9ce1ed0/2 .event anyedge, v00000259b9cf3d00_7, v00000259b9cf3d00_8, v00000259b9cf3d00_9, v00000259b9cf3d00_10;
v00000259b9cf3d00_11 .array/port v00000259b9cf3d00, 11;
v00000259b9cf3d00_12 .array/port v00000259b9cf3d00, 12;
v00000259b9cf3d00_13 .array/port v00000259b9cf3d00, 13;
v00000259b9cf3d00_14 .array/port v00000259b9cf3d00, 14;
E_00000259b9ce1ed0/3 .event anyedge, v00000259b9cf3d00_11, v00000259b9cf3d00_12, v00000259b9cf3d00_13, v00000259b9cf3d00_14;
v00000259b9cf3d00_15 .array/port v00000259b9cf3d00, 15;
v00000259b9cf3d00_16 .array/port v00000259b9cf3d00, 16;
v00000259b9cf3d00_17 .array/port v00000259b9cf3d00, 17;
v00000259b9cf3d00_18 .array/port v00000259b9cf3d00, 18;
E_00000259b9ce1ed0/4 .event anyedge, v00000259b9cf3d00_15, v00000259b9cf3d00_16, v00000259b9cf3d00_17, v00000259b9cf3d00_18;
v00000259b9cf3d00_19 .array/port v00000259b9cf3d00, 19;
v00000259b9cf3d00_20 .array/port v00000259b9cf3d00, 20;
v00000259b9cf3d00_21 .array/port v00000259b9cf3d00, 21;
v00000259b9cf3d00_22 .array/port v00000259b9cf3d00, 22;
E_00000259b9ce1ed0/5 .event anyedge, v00000259b9cf3d00_19, v00000259b9cf3d00_20, v00000259b9cf3d00_21, v00000259b9cf3d00_22;
v00000259b9cf3d00_23 .array/port v00000259b9cf3d00, 23;
v00000259b9cf3d00_24 .array/port v00000259b9cf3d00, 24;
v00000259b9cf3d00_25 .array/port v00000259b9cf3d00, 25;
v00000259b9cf3d00_26 .array/port v00000259b9cf3d00, 26;
E_00000259b9ce1ed0/6 .event anyedge, v00000259b9cf3d00_23, v00000259b9cf3d00_24, v00000259b9cf3d00_25, v00000259b9cf3d00_26;
v00000259b9cf3d00_27 .array/port v00000259b9cf3d00, 27;
v00000259b9cf3d00_28 .array/port v00000259b9cf3d00, 28;
v00000259b9cf3d00_29 .array/port v00000259b9cf3d00, 29;
v00000259b9cf3d00_30 .array/port v00000259b9cf3d00, 30;
E_00000259b9ce1ed0/7 .event anyedge, v00000259b9cf3d00_27, v00000259b9cf3d00_28, v00000259b9cf3d00_29, v00000259b9cf3d00_30;
v00000259b9cf3d00_31 .array/port v00000259b9cf3d00, 31;
v00000259b9cf3d00_32 .array/port v00000259b9cf3d00, 32;
v00000259b9cf3d00_33 .array/port v00000259b9cf3d00, 33;
v00000259b9cf3d00_34 .array/port v00000259b9cf3d00, 34;
E_00000259b9ce1ed0/8 .event anyedge, v00000259b9cf3d00_31, v00000259b9cf3d00_32, v00000259b9cf3d00_33, v00000259b9cf3d00_34;
v00000259b9cf3d00_35 .array/port v00000259b9cf3d00, 35;
v00000259b9cf3d00_36 .array/port v00000259b9cf3d00, 36;
v00000259b9cf3d00_37 .array/port v00000259b9cf3d00, 37;
v00000259b9cf3d00_38 .array/port v00000259b9cf3d00, 38;
E_00000259b9ce1ed0/9 .event anyedge, v00000259b9cf3d00_35, v00000259b9cf3d00_36, v00000259b9cf3d00_37, v00000259b9cf3d00_38;
v00000259b9cf3d00_39 .array/port v00000259b9cf3d00, 39;
v00000259b9cf3d00_40 .array/port v00000259b9cf3d00, 40;
v00000259b9cf3d00_41 .array/port v00000259b9cf3d00, 41;
v00000259b9cf3d00_42 .array/port v00000259b9cf3d00, 42;
E_00000259b9ce1ed0/10 .event anyedge, v00000259b9cf3d00_39, v00000259b9cf3d00_40, v00000259b9cf3d00_41, v00000259b9cf3d00_42;
v00000259b9cf3d00_43 .array/port v00000259b9cf3d00, 43;
v00000259b9cf3d00_44 .array/port v00000259b9cf3d00, 44;
v00000259b9cf3d00_45 .array/port v00000259b9cf3d00, 45;
v00000259b9cf3d00_46 .array/port v00000259b9cf3d00, 46;
E_00000259b9ce1ed0/11 .event anyedge, v00000259b9cf3d00_43, v00000259b9cf3d00_44, v00000259b9cf3d00_45, v00000259b9cf3d00_46;
v00000259b9cf3d00_47 .array/port v00000259b9cf3d00, 47;
v00000259b9cf3d00_48 .array/port v00000259b9cf3d00, 48;
v00000259b9cf3d00_49 .array/port v00000259b9cf3d00, 49;
v00000259b9cf3d00_50 .array/port v00000259b9cf3d00, 50;
E_00000259b9ce1ed0/12 .event anyedge, v00000259b9cf3d00_47, v00000259b9cf3d00_48, v00000259b9cf3d00_49, v00000259b9cf3d00_50;
v00000259b9cf3d00_51 .array/port v00000259b9cf3d00, 51;
v00000259b9cf3d00_52 .array/port v00000259b9cf3d00, 52;
v00000259b9cf3d00_53 .array/port v00000259b9cf3d00, 53;
v00000259b9cf3d00_54 .array/port v00000259b9cf3d00, 54;
E_00000259b9ce1ed0/13 .event anyedge, v00000259b9cf3d00_51, v00000259b9cf3d00_52, v00000259b9cf3d00_53, v00000259b9cf3d00_54;
v00000259b9cf3d00_55 .array/port v00000259b9cf3d00, 55;
v00000259b9cf3d00_56 .array/port v00000259b9cf3d00, 56;
v00000259b9cf3d00_57 .array/port v00000259b9cf3d00, 57;
v00000259b9cf3d00_58 .array/port v00000259b9cf3d00, 58;
E_00000259b9ce1ed0/14 .event anyedge, v00000259b9cf3d00_55, v00000259b9cf3d00_56, v00000259b9cf3d00_57, v00000259b9cf3d00_58;
v00000259b9cf3d00_59 .array/port v00000259b9cf3d00, 59;
v00000259b9cf3d00_60 .array/port v00000259b9cf3d00, 60;
v00000259b9cf3d00_61 .array/port v00000259b9cf3d00, 61;
v00000259b9cf3d00_62 .array/port v00000259b9cf3d00, 62;
E_00000259b9ce1ed0/15 .event anyedge, v00000259b9cf3d00_59, v00000259b9cf3d00_60, v00000259b9cf3d00_61, v00000259b9cf3d00_62;
v00000259b9cf3d00_63 .array/port v00000259b9cf3d00, 63;
E_00000259b9ce1ed0/16 .event anyedge, v00000259b9cf3d00_63;
E_00000259b9ce1ed0 .event/or E_00000259b9ce1ed0/0, E_00000259b9ce1ed0/1, E_00000259b9ce1ed0/2, E_00000259b9ce1ed0/3, E_00000259b9ce1ed0/4, E_00000259b9ce1ed0/5, E_00000259b9ce1ed0/6, E_00000259b9ce1ed0/7, E_00000259b9ce1ed0/8, E_00000259b9ce1ed0/9, E_00000259b9ce1ed0/10, E_00000259b9ce1ed0/11, E_00000259b9ce1ed0/12, E_00000259b9ce1ed0/13, E_00000259b9ce1ed0/14, E_00000259b9ce1ed0/15, E_00000259b9ce1ed0/16;
    .scope S_00000259b9cdd720;
T_0 ;
    %pushi/vec4 0, 0, 8;
    %ix/load 4, 0, 0;
    %flag_set/imm 4, 0;
    %store/vec4a v00000259b9cf3d00, 4, 0;
    %pushi/vec4 1, 0, 8;
    %ix/load 4, 1, 0;
    %flag_set/imm 4, 0;
    %store/vec4a v00000259b9cf3d00, 4, 0;
    %pushi/vec4 2, 0, 8;
    %ix/load 4, 2, 0;
    %flag_set/imm 4, 0;
    %store/vec4a v00000259b9cf3d00, 4, 0;
    %pushi/vec4 3, 0, 8;
    %ix/load 4, 3, 0;
    %flag_set/imm 4, 0;
    %store/vec4a v00000259b9cf3d00, 4, 0;
    %pushi/vec4 4, 0, 8;
    %ix/load 4, 4, 0;
    %flag_set/imm 4, 0;
    %store/vec4a v00000259b9cf3d00, 4, 0;
    %pushi/vec4 5, 0, 8;
    %ix/load 4, 5, 0;
    %flag_set/imm 4, 0;
    %store/vec4a v00000259b9cf3d00, 4, 0;
    %pushi/vec4 6, 0, 8;
    %ix/load 4, 6, 0;
    %flag_set/imm 4, 0;
    %store/vec4a v00000259b9cf3d00, 4, 0;
    %pushi/vec4 7, 0, 8;
    %ix/load 4, 7, 0;
    %flag_set/imm 4, 0;
    %store/vec4a v00000259b9cf3d00, 4, 0;
    %pushi/vec4 8, 0, 8;
    %ix/load 4, 8, 0;
    %flag_set/imm 4, 0;
    %store/vec4a v00000259b9cf3d00, 4, 0;
    %pushi/vec4 9, 0, 8;
    %ix/load 4, 9, 0;
    %flag_set/imm 4, 0;
    %store/vec4a v00000259b9cf3d00, 4, 0;
    %pushi/vec4 10, 0, 8;
    %ix/load 4, 10, 0;
    %flag_set/imm 4, 0;
    %store/vec4a v00000259b9cf3d00, 4, 0;
    %pushi/vec4 11, 0, 8;
    %ix/load 4, 11, 0;
    %flag_set/imm 4, 0;
    %store/vec4a v00000259b9cf3d00, 4, 0;
    %pushi/vec4 12, 0, 8;
    %ix/load 4, 12, 0;
    %flag_set/imm 4, 0;
    %store/vec4a v00000259b9cf3d00, 4, 0;
    %pushi/vec4 13, 0, 8;
    %ix/load 4, 13, 0;
    %flag_set/imm 4, 0;
    %store/vec4a v00000259b9cf3d00, 4, 0;
    %pushi/vec4 14, 0, 8;
    %ix/load 4, 14, 0;
    %flag_set/imm 4, 0;
    %store/vec4a v00000259b9cf3d00, 4, 0;
    %pushi/vec4 15, 0, 8;
    %ix/load 4, 15, 0;
    %flag_set/imm 4, 0;
    %store/vec4a v00000259b9cf3d00, 4, 0;
    %pushi/vec4 16, 0, 8;
    %ix/load 4, 16, 0;
    %flag_set/imm 4, 0;
    %store/vec4a v00000259b9cf3d00, 4, 0;
    %pushi/vec4 17, 0, 8;
    %ix/load 4, 17, 0;
    %flag_set/imm 4, 0;
    %store/vec4a v00000259b9cf3d00, 4, 0;
    %pushi/vec4 18, 0, 8;
    %ix/load 4, 18, 0;
    %flag_set/imm 4, 0;
    %store/vec4a v00000259b9cf3d00, 4, 0;
    %pushi/vec4 19, 0, 8;
    %ix/load 4, 19, 0;
    %flag_set/imm 4, 0;
    %store/vec4a v00000259b9cf3d00, 4, 0;
    %pushi/vec4 20, 0, 8;
    %ix/load 4, 20, 0;
    %flag_set/imm 4, 0;
    %store/vec4a v00000259b9cf3d00, 4, 0;
    %pushi/vec4 21, 0, 8;
    %ix/load 4, 21, 0;
    %flag_set/imm 4, 0;
    %store/vec4a v00000259b9cf3d00, 4, 0;
    %pushi/vec4 22, 0, 8;
    %ix/load 4, 22, 0;
    %flag_set/imm 4, 0;
    %store/vec4a v00000259b9cf3d00, 4, 0;
    %pushi/vec4 23, 0, 8;
    %ix/load 4, 23, 0;
    %flag_set/imm 4, 0;
    %store/vec4a v00000259b9cf3d00, 4, 0;
    %pushi/vec4 24, 0, 8;
    %ix/load 4, 24, 0;
    %flag_set/imm 4, 0;
    %store/vec4a v00000259b9cf3d00, 4, 0;
    %pushi/vec4 25, 0, 8;
    %ix/load 4, 25, 0;
    %flag_set/imm 4, 0;
    %store/vec4a v00000259b9cf3d00, 4, 0;
    %pushi/vec4 26, 0, 8;
    %ix/load 4, 26, 0;
    %flag_set/imm 4, 0;
    %store/vec4a v00000259b9cf3d00, 4, 0;
    %pushi/vec4 27, 0, 8;
    %ix/load 4, 27, 0;
    %flag_set/imm 4, 0;
    %store/vec4a v00000259b9cf3d00, 4, 0;
    %pushi/vec4 28, 0, 8;
    %ix/load 4, 28, 0;
    %flag_set/imm 4, 0;
    %store/vec4a v00000259b9cf3d00, 4, 0;
    %pushi/vec4 29, 0, 8;
    %ix/load 4, 29, 0;
    %flag_set/imm 4, 0;
    %store/vec4a v00000259b9cf3d00, 4, 0;
    %pushi/vec4 30, 0, 8;
    %ix/load 4, 30, 0;
    %flag_set/imm 4, 0;
    %store/vec4a v00000259b9cf3d00, 4, 0;
    %pushi/vec4 31, 0, 8;
    %ix/load 4, 31, 0;
    %flag_set/imm 4, 0;
    %store/vec4a v00000259b9cf3d00, 4, 0;
    %pushi/vec4 32, 0, 8;
    %ix/load 4, 32, 0;
    %flag_set/imm 4, 0;
    %store/vec4a v00000259b9cf3d00, 4, 0;
    %pushi/vec4 33, 0, 8;
    %ix/load 4, 33, 0;
    %flag_set/imm 4, 0;
    %store/vec4a v00000259b9cf3d00, 4, 0;
    %pushi/vec4 34, 0, 8;
    %ix/load 4, 34, 0;
    %flag_set/imm 4, 0;
    %store/vec4a v00000259b9cf3d00, 4, 0;
    %pushi/vec4 35, 0, 8;
    %ix/load 4, 35, 0;
    %flag_set/imm 4, 0;
    %store/vec4a v00000259b9cf3d00, 4, 0;
    %pushi/vec4 36, 0, 8;
    %ix/load 4, 36, 0;
    %flag_set/imm 4, 0;
    %store/vec4a v00000259b9cf3d00, 4, 0;
    %pushi/vec4 37, 0, 8;
    %ix/load 4, 37, 0;
    %flag_set/imm 4, 0;
    %store/vec4a v00000259b9cf3d00, 4, 0;
    %pushi/vec4 38, 0, 8;
    %ix/load 4, 38, 0;
    %flag_set/imm 4, 0;
    %store/vec4a v00000259b9cf3d00, 4, 0;
    %pushi/vec4 39, 0, 8;
    %ix/load 4, 39, 0;
    %flag_set/imm 4, 0;
    %store/vec4a v00000259b9cf3d00, 4, 0;
    %pushi/vec4 40, 0, 8;
    %ix/load 4, 40, 0;
    %flag_set/imm 4, 0;
    %store/vec4a v00000259b9cf3d00, 4, 0;
    %pushi/vec4 41, 0, 8;
    %ix/load 4, 41, 0;
    %flag_set/imm 4, 0;
    %store/vec4a v00000259b9cf3d00, 4, 0;
    %pushi/vec4 42, 0, 8;
    %ix/load 4, 42, 0;
    %flag_set/imm 4, 0;
    %store/vec4a v00000259b9cf3d00, 4, 0;
    %pushi/vec4 43, 0, 8;
    %ix/load 4, 43, 0;
    %flag_set/imm 4, 0;
    %store/vec4a v00000259b9cf3d00, 4, 0;
    %pushi/vec4 44, 0, 8;
    %ix/load 4, 44, 0;
    %flag_set/imm 4, 0;
    %store/vec4a v00000259b9cf3d00, 4, 0;
    %pushi/vec4 45, 0, 8;
    %ix/load 4, 45, 0;
    %flag_set/imm 4, 0;
    %store/vec4a v00000259b9cf3d00, 4, 0;
    %pushi/vec4 46, 0, 8;
    %ix/load 4, 46, 0;
    %flag_set/imm 4, 0;
    %store/vec4a v00000259b9cf3d00, 4, 0;
    %pushi/vec4 47, 0, 8;
    %ix/load 4, 47, 0;
    %flag_set/imm 4, 0;
    %store/vec4a v00000259b9cf3d00, 4, 0;
    %pushi/vec4 48, 0, 8;
    %ix/load 4, 48, 0;
    %flag_set/imm 4, 0;
    %store/vec4a v00000259b9cf3d00, 4, 0;
    %pushi/vec4 49, 0, 8;
    %ix/load 4, 49, 0;
    %flag_set/imm 4, 0;
    %store/vec4a v00000259b9cf3d00, 4, 0;
    %pushi/vec4 50, 0, 8;
    %ix/load 4, 50, 0;
    %flag_set/imm 4, 0;
    %store/vec4a v00000259b9cf3d00, 4, 0;
    %pushi/vec4 51, 0, 8;
    %ix/load 4, 51, 0;
    %flag_set/imm 4, 0;
    %store/vec4a v00000259b9cf3d00, 4, 0;
    %pushi/vec4 52, 0, 8;
    %ix/load 4, 52, 0;
    %flag_set/imm 4, 0;
    %store/vec4a v00000259b9cf3d00, 4, 0;
    %pushi/vec4 53, 0, 8;
    %ix/load 4, 53, 0;
    %flag_set/imm 4, 0;
    %store/vec4a v00000259b9cf3d00, 4, 0;
    %pushi/vec4 54, 0, 8;
    %ix/load 4, 54, 0;
    %flag_set/imm 4, 0;
    %store/vec4a v00000259b9cf3d00, 4, 0;
    %pushi/vec4 55, 0, 8;
    %ix/load 4, 55, 0;
    %flag_set/imm 4, 0;
    %store/vec4a v00000259b9cf3d00, 4, 0;
    %pushi/vec4 56, 0, 8;
    %ix/load 4, 56, 0;
    %flag_set/imm 4, 0;
    %store/vec4a v00000259b9cf3d00, 4, 0;
    %pushi/vec4 57, 0, 8;
    %ix/load 4, 57, 0;
    %flag_set/imm 4, 0;
    %store/vec4a v00000259b9cf3d00, 4, 0;
    %pushi/vec4 58, 0, 8;
    %ix/load 4, 58, 0;
    %flag_set/imm 4, 0;
    %store/vec4a v00000259b9cf3d00, 4, 0;
    %pushi/vec4 59, 0, 8;
    %ix/load 4, 59, 0;
    %flag_set/imm 4, 0;
    %store/vec4a v00000259b9cf3d00, 4, 0;
    %pushi/vec4 60, 0, 8;
    %ix/load 4, 60, 0;
    %flag_set/imm 4, 0;
    %store/vec4a v00000259b9cf3d00, 4, 0;
    %pushi/vec4 61, 0, 8;
    %ix/load 4, 61, 0;
    %flag_set/imm 4, 0;
    %store/vec4a v00000259b9cf3d00, 4, 0;
    %pushi/vec4 62, 0, 8;
    %ix/load 4, 62, 0;
    %flag_set/imm 4, 0;
    %store/vec4a v00000259b9cf3d00, 4, 0;
    %pushi/vec4 63, 0, 8;
    %ix/load 4, 63, 0;
    %flag_set/imm 4, 0;
    %store/vec4a v00000259b9cf3d00, 4, 0;
    %end;
    .thread T_0;
    .scope S_00000259b9cdd720;
T_1 ;
    %wait E_00000259b9ce1ed0;
    %load/vec4 v00000259b9c9bf30_0;
    %pad/u 8;
    %ix/vec4 4;
    %load/vec4a v00000259b9cf3d00, 4;
    %store/vec4 v00000259b9cfcfe0_0, 0, 8;
    %jmp T_1;
    .thread T_1, $push;
    .scope S_00000259b9c9bda0;
T_2 ;
    %pushi/vec4 0, 0, 6;
    %store/vec4 v00000259b9cefb10_0, 0, 6;
    %vpi_call/w 3 92 "$monitor", "At time %0t, address = %h, data = %h", $time, v00000259b9cefb10_0, v00000259b9cefbb0_0 {0 0 0};
    %delay 10, 0;
    %pushi/vec4 0, 0, 6;
    %store/vec4 v00000259b9cefb10_0, 0, 6;
    %delay 10, 0;
    %pushi/vec4 1, 0, 6;
    %store/vec4 v00000259b9cefb10_0, 0, 6;
    %delay 10, 0;
    %pushi/vec4 2, 0, 6;
    %store/vec4 v00000259b9cefb10_0, 0, 6;
    %delay 10, 0;
    %pushi/vec4 3, 0, 6;
    %store/vec4 v00000259b9cefb10_0, 0, 6;
    %delay 10, 0;
    %pushi/vec4 4, 0, 6;
    %store/vec4 v00000259b9cefb10_0, 0, 6;
    %delay 10, 0;
    %pushi/vec4 5, 0, 6;
    %store/vec4 v00000259b9cefb10_0, 0, 6;
    %delay 10, 0;
    %pushi/vec4 6, 0, 6;
    %store/vec4 v00000259b9cefb10_0, 0, 6;
    %delay 10, 0;
    %pushi/vec4 7, 0, 6;
    %store/vec4 v00000259b9cefb10_0, 0, 6;
    %delay 10, 0;
    %pushi/vec4 8, 0, 6;
    %store/vec4 v00000259b9cefb10_0, 0, 6;
    %delay 10, 0;
    %pushi/vec4 9, 0, 6;
    %store/vec4 v00000259b9cefb10_0, 0, 6;
    %delay 10, 0;
    %pushi/vec4 10, 0, 6;
    %store/vec4 v00000259b9cefb10_0, 0, 6;
    %delay 10, 0;
    %pushi/vec4 11, 0, 6;
    %store/vec4 v00000259b9cefb10_0, 0, 6;
    %delay 10, 0;
    %pushi/vec4 12, 0, 6;
    %store/vec4 v00000259b9cefb10_0, 0, 6;
    %delay 10, 0;
    %pushi/vec4 13, 0, 6;
    %store/vec4 v00000259b9cefb10_0, 0, 6;
    %delay 10, 0;
    %pushi/vec4 14, 0, 6;
    %store/vec4 v00000259b9cefb10_0, 0, 6;
    %delay 10, 0;
    %pushi/vec4 15, 0, 6;
    %store/vec4 v00000259b9cefb10_0, 0, 6;
    %delay 10, 0;
    %pushi/vec4 16, 0, 6;
    %store/vec4 v00000259b9cefb10_0, 0, 6;
    %delay 10, 0;
    %pushi/vec4 17, 0, 6;
    %store/vec4 v00000259b9cefb10_0, 0, 6;
    %delay 10, 0;
    %pushi/vec4 18, 0, 6;
    %store/vec4 v00000259b9cefb10_0, 0, 6;
    %delay 10, 0;
    %pushi/vec4 19, 0, 6;
    %store/vec4 v00000259b9cefb10_0, 0, 6;
    %delay 10, 0;
    %pushi/vec4 20, 0, 6;
    %store/vec4 v00000259b9cefb10_0, 0, 6;
    %delay 10, 0;
    %pushi/vec4 21, 0, 6;
    %store/vec4 v00000259b9cefb10_0, 0, 6;
    %delay 10, 0;
    %pushi/vec4 22, 0, 6;
    %store/vec4 v00000259b9cefb10_0, 0, 6;
    %delay 10, 0;
    %pushi/vec4 23, 0, 6;
    %store/vec4 v00000259b9cefb10_0, 0, 6;
    %delay 10, 0;
    %pushi/vec4 24, 0, 6;
    %store/vec4 v00000259b9cefb10_0, 0, 6;
    %delay 10, 0;
    %pushi/vec4 25, 0, 6;
    %store/vec4 v00000259b9cefb10_0, 0, 6;
    %delay 10, 0;
    %pushi/vec4 26, 0, 6;
    %store/vec4 v00000259b9cefb10_0, 0, 6;
    %delay 10, 0;
    %pushi/vec4 27, 0, 6;
    %store/vec4 v00000259b9cefb10_0, 0, 6;
    %delay 10, 0;
    %pushi/vec4 28, 0, 6;
    %store/vec4 v00000259b9cefb10_0, 0, 6;
    %delay 10, 0;
    %pushi/vec4 29, 0, 6;
    %store/vec4 v00000259b9cefb10_0, 0, 6;
    %delay 10, 0;
    %pushi/vec4 30, 0, 6;
    %store/vec4 v00000259b9cefb10_0, 0, 6;
    %delay 10, 0;
    %pushi/vec4 31, 0, 6;
    %store/vec4 v00000259b9cefb10_0, 0, 6;
    %delay 10, 0;
    %pushi/vec4 32, 0, 6;
    %store/vec4 v00000259b9cefb10_0, 0, 6;
    %delay 10, 0;
    %pushi/vec4 33, 0, 6;
    %store/vec4 v00000259b9cefb10_0, 0, 6;
    %delay 10, 0;
    %pushi/vec4 34, 0, 6;
    %store/vec4 v00000259b9cefb10_0, 0, 6;
    %delay 10, 0;
    %pushi/vec4 35, 0, 6;
    %store/vec4 v00000259b9cefb10_0, 0, 6;
    %delay 10, 0;
    %pushi/vec4 36, 0, 6;
    %store/vec4 v00000259b9cefb10_0, 0, 6;
    %delay 10, 0;
    %pushi/vec4 37, 0, 6;
    %store/vec4 v00000259b9cefb10_0, 0, 6;
    %delay 10, 0;
    %pushi/vec4 38, 0, 6;
    %store/vec4 v00000259b9cefb10_0, 0, 6;
    %delay 10, 0;
    %pushi/vec4 39, 0, 6;
    %store/vec4 v00000259b9cefb10_0, 0, 6;
    %delay 10, 0;
    %pushi/vec4 40, 0, 6;
    %store/vec4 v00000259b9cefb10_0, 0, 6;
    %delay 10, 0;
    %pushi/vec4 41, 0, 6;
    %store/vec4 v00000259b9cefb10_0, 0, 6;
    %delay 10, 0;
    %pushi/vec4 42, 0, 6;
    %store/vec4 v00000259b9cefb10_0, 0, 6;
    %delay 10, 0;
    %pushi/vec4 43, 0, 6;
    %store/vec4 v00000259b9cefb10_0, 0, 6;
    %delay 10, 0;
    %pushi/vec4 44, 0, 6;
    %store/vec4 v00000259b9cefb10_0, 0, 6;
    %delay 10, 0;
    %pushi/vec4 45, 0, 6;
    %store/vec4 v00000259b9cefb10_0, 0, 6;
    %delay 10, 0;
    %pushi/vec4 46, 0, 6;
    %store/vec4 v00000259b9cefb10_0, 0, 6;
    %delay 10, 0;
    %pushi/vec4 47, 0, 6;
    %store/vec4 v00000259b9cefb10_0, 0, 6;
    %delay 10, 0;
    %pushi/vec4 48, 0, 6;
    %store/vec4 v00000259b9cefb10_0, 0, 6;
    %delay 10, 0;
    %pushi/vec4 49, 0, 6;
    %store/vec4 v00000259b9cefb10_0, 0, 6;
    %delay 10, 0;
    %pushi/vec4 50, 0, 6;
    %store/vec4 v00000259b9cefb10_0, 0, 6;
    %delay 10, 0;
    %pushi/vec4 51, 0, 6;
    %store/vec4 v00000259b9cefb10_0, 0, 6;
    %delay 10, 0;
    %pushi/vec4 52, 0, 6;
    %store/vec4 v00000259b9cefb10_0, 0, 6;
    %delay 10, 0;
    %pushi/vec4 53, 0, 6;
    %store/vec4 v00000259b9cefb10_0, 0, 6;
    %delay 10, 0;
    %pushi/vec4 54, 0, 6;
    %store/vec4 v00000259b9cefb10_0, 0, 6;
    %delay 10, 0;
    %pushi/vec4 55, 0, 6;
    %store/vec4 v00000259b9cefb10_0, 0, 6;
    %delay 10, 0;
    %pushi/vec4 56, 0, 6;
    %store/vec4 v00000259b9cefb10_0, 0, 6;
    %delay 10, 0;
    %pushi/vec4 57, 0, 6;
    %store/vec4 v00000259b9cefb10_0, 0, 6;
    %delay 10, 0;
    %pushi/vec4 58, 0, 6;
    %store/vec4 v00000259b9cefb10_0, 0, 6;
    %delay 10, 0;
    %pushi/vec4 59, 0, 6;
    %store/vec4 v00000259b9cefb10_0, 0, 6;
    %delay 10, 0;
    %pushi/vec4 60, 0, 6;
    %store/vec4 v00000259b9cefb10_0, 0, 6;
    %delay 10, 0;
    %pushi/vec4 61, 0, 6;
    %store/vec4 v00000259b9cefb10_0, 0, 6;
    %delay 10, 0;
    %pushi/vec4 62, 0, 6;
    %store/vec4 v00000259b9cefb10_0, 0, 6;
    %delay 10, 0;
    %pushi/vec4 63, 0, 6;
    %store/vec4 v00000259b9cefb10_0, 0, 6;
    %delay 10, 0;
    %vpi_call/w 3 158 "$finish" {0 0 0};
    %end;
    .thread T_2;
# The file index is used to find the file name in the following table.
:file_names 4;
    "N/A";
    "<interactive>";
    "-";
    "romm.v";
