#! /c/Source/iverilog-install/bin/vvp
:ivl_version "12.0 (devel)" "(s20150603-1539-g2693dd32b)";
:ivl_delay_selection "TYPICAL";
:vpi_time_precision + 0;
:vpi_module "C:\iverilog\lib\ivl\system.vpi";
:vpi_module "C:\iverilog\lib\ivl\vhdl_sys.vpi";
:vpi_module "C:\iverilog\lib\ivl\vhdl_textio.vpi";
:vpi_module "C:\iverilog\lib\ivl\v2005_math.vpi";
:vpi_module "C:\iverilog\lib\ivl\va_math.vpi";
S_000002244a64ea20 .scope module, "tb_four_bit_full_adder" "tb_four_bit_full_adder" 2 26;
 .timescale 0 0;
v000002244a6ebef0_0 .var "a", 3 0;
v000002244a6ed9d0_0 .var "b", 3 0;
v000002244a6edc50_0 .var "cin", 0 0;
v000002244a6ebdb0_0 .net "cout", 0 0, L_000002244a6929d0;  1 drivers
v000002244a6ecb70_0 .net "sum", 3 0, L_000002244a6f7240;  1 drivers
S_000002244a64ebb0 .scope module, "dut" "four_bit_full_adder" 2 32, 2 12 0, S_000002244a64ea20;
 .timescale 0 0;
    .port_info 0 /INPUT 4 "a";
    .port_info 1 /INPUT 4 "b";
    .port_info 2 /INPUT 1 "cin";
    .port_info 3 /OUTPUT 4 "sum";
    .port_info 4 /OUTPUT 1 "cout";
v000002244a6ec670_0 .net "a", 3 0, v000002244a6ebef0_0;  1 drivers
v000002244a6ed110_0 .net "b", 3 0, v000002244a6ed9d0_0;  1 drivers
v000002244a6ec990_0 .net "c0", 0 0, L_000002244a6925e0;  1 drivers
v000002244a6ec710_0 .net "c1", 0 0, L_000002244a692340;  1 drivers
v000002244a6ebf90_0 .net "c2", 0 0, L_000002244a6923b0;  1 drivers
v000002244a6ec7b0_0 .net "cin", 0 0, v000002244a6edc50_0;  1 drivers
v000002244a6eca30_0 .net "cout", 0 0, L_000002244a6929d0;  alias, 1 drivers
v000002244a6ed6b0_0 .net "sum", 3 0, L_000002244a6f7240;  alias, 1 drivers
L_000002244a6ec030 .part v000002244a6ebef0_0, 0, 1;
L_000002244a6ec170 .part v000002244a6ed9d0_0, 0, 1;
L_000002244a6f8460 .part v000002244a6ebef0_0, 1, 1;
L_000002244a6f7b00 .part v000002244a6ed9d0_0, 1, 1;
L_000002244a6f8500 .part v000002244a6ebef0_0, 2, 1;
L_000002244a6f8960 .part v000002244a6ed9d0_0, 2, 1;
L_000002244a6f8640 .part v000002244a6ebef0_0, 3, 1;
L_000002244a6f8aa0 .part v000002244a6ed9d0_0, 3, 1;
L_000002244a6f7240 .concat8 [ 1 1 1 1], L_000002244a691f50, L_000002244a692a40, L_000002244a6921f0, L_000002244a691ee0;
S_000002244a695990 .scope module, "fa0" "full_adder" 2 20, 2 1 0, S_000002244a64ebb0;
 .timescale 0 0;
    .port_info 0 /INPUT 1 "a";
    .port_info 1 /INPUT 1 "b";
    .port_info 2 /INPUT 1 "cin";
    .port_info 3 /OUTPUT 1 "sum";
    .port_info 4 /OUTPUT 1 "cout";
L_000002244a692490 .functor XOR 1, L_000002244a6ec030, L_000002244a6ec170, C4<0>, C4<0>;
L_000002244a691f50 .functor XOR 1, L_000002244a692490, v000002244a6edc50_0, C4<0>, C4<0>;
L_000002244a691c40 .functor AND 1, L_000002244a6ec030, L_000002244a6ec170, C4<1>, C4<1>;
L_000002244a692810 .functor AND 1, L_000002244a6ec030, v000002244a6edc50_0, C4<1>, C4<1>;
L_000002244a691d20 .functor OR 1, L_000002244a691c40, L_000002244a692810, C4<0>, C4<0>;
L_000002244a691e00 .functor AND 1, L_000002244a6ec170, v000002244a6edc50_0, C4<1>, C4<1>;
L_000002244a6925e0 .functor OR 1, L_000002244a691d20, L_000002244a691e00, C4<0>, C4<0>;
v000002244a68c2e0_0 .net *"_ivl_0", 0 0, L_000002244a692490;  1 drivers
v000002244a68c380_0 .net *"_ivl_10", 0 0, L_000002244a691e00;  1 drivers
v000002244a68c560_0 .net *"_ivl_4", 0 0, L_000002244a691c40;  1 drivers
v000002244a68c600_0 .net *"_ivl_6", 0 0, L_000002244a692810;  1 drivers
v000002244a68c6a0_0 .net *"_ivl_8", 0 0, L_000002244a691d20;  1 drivers
v000002244a6ed890_0 .net "a", 0 0, L_000002244a6ec030;  1 drivers
v000002244a6edb10_0 .net "b", 0 0, L_000002244a6ec170;  1 drivers
v000002244a6ec210_0 .net "cin", 0 0, v000002244a6edc50_0;  alias, 1 drivers
v000002244a6ec0d0_0 .net "cout", 0 0, L_000002244a6925e0;  alias, 1 drivers
v000002244a6ed250_0 .net "sum", 0 0, L_000002244a691f50;  1 drivers
S_000002244a695b20 .scope module, "fa1" "full_adder" 2 21, 2 1 0, S_000002244a64ebb0;
 .timescale 0 0;
    .port_info 0 /INPUT 1 "a";
    .port_info 1 /INPUT 1 "b";
    .port_info 2 /INPUT 1 "cin";
    .port_info 3 /OUTPUT 1 "sum";
    .port_info 4 /OUTPUT 1 "cout";
L_000002244a692180 .functor XOR 1, L_000002244a6f8460, L_000002244a6f7b00, C4<0>, C4<0>;
L_000002244a692a40 .functor XOR 1, L_000002244a692180, L_000002244a6925e0, C4<0>, C4<0>;
L_000002244a691e70 .functor AND 1, L_000002244a6f8460, L_000002244a6f7b00, C4<1>, C4<1>;
L_000002244a692030 .functor AND 1, L_000002244a6f8460, L_000002244a6925e0, C4<1>, C4<1>;
L_000002244a691fc0 .functor OR 1, L_000002244a691e70, L_000002244a692030, C4<0>, C4<0>;
L_000002244a6928f0 .functor AND 1, L_000002244a6f7b00, L_000002244a6925e0, C4<1>, C4<1>;
L_000002244a692340 .functor OR 1, L_000002244a691fc0, L_000002244a6928f0, C4<0>, C4<0>;
v000002244a6ec530_0 .net *"_ivl_0", 0 0, L_000002244a692180;  1 drivers
v000002244a6ecc10_0 .net *"_ivl_10", 0 0, L_000002244a6928f0;  1 drivers
v000002244a6ecad0_0 .net *"_ivl_4", 0 0, L_000002244a691e70;  1 drivers
v000002244a6ec850_0 .net *"_ivl_6", 0 0, L_000002244a692030;  1 drivers
v000002244a6ece90_0 .net *"_ivl_8", 0 0, L_000002244a691fc0;  1 drivers
v000002244a6ed4d0_0 .net "a", 0 0, L_000002244a6f8460;  1 drivers
v000002244a6ed2f0_0 .net "b", 0 0, L_000002244a6f7b00;  1 drivers
v000002244a6eda70_0 .net "cin", 0 0, L_000002244a6925e0;  alias, 1 drivers
v000002244a6ec2b0_0 .net "cout", 0 0, L_000002244a692340;  alias, 1 drivers
v000002244a6ed750_0 .net "sum", 0 0, L_000002244a692a40;  1 drivers
S_000002244a694060 .scope module, "fa2" "full_adder" 2 22, 2 1 0, S_000002244a64ebb0;
 .timescale 0 0;
    .port_info 0 /INPUT 1 "a";
    .port_info 1 /INPUT 1 "b";
    .port_info 2 /INPUT 1 "cin";
    .port_info 3 /OUTPUT 1 "sum";
    .port_info 4 /OUTPUT 1 "cout";
L_000002244a692420 .functor XOR 1, L_000002244a6f8500, L_000002244a6f8960, C4<0>, C4<0>;
L_000002244a6921f0 .functor XOR 1, L_000002244a692420, L_000002244a692340, C4<0>, C4<0>;
L_000002244a692500 .functor AND 1, L_000002244a6f8500, L_000002244a6f8960, C4<1>, C4<1>;
L_000002244a692260 .functor AND 1, L_000002244a6f8500, L_000002244a692340, C4<1>, C4<1>;
L_000002244a692650 .functor OR 1, L_000002244a692500, L_000002244a692260, C4<0>, C4<0>;
L_000002244a6926c0 .functor AND 1, L_000002244a6f8960, L_000002244a692340, C4<1>, C4<1>;
L_000002244a6923b0 .functor OR 1, L_000002244a692650, L_000002244a6926c0, C4<0>, C4<0>;
v000002244a6eccb0_0 .net *"_ivl_0", 0 0, L_000002244a692420;  1 drivers
v000002244a6ebe50_0 .net *"_ivl_10", 0 0, L_000002244a6926c0;  1 drivers
v000002244a6ecf30_0 .net *"_ivl_4", 0 0, L_000002244a692500;  1 drivers
v000002244a6ec350_0 .net *"_ivl_6", 0 0, L_000002244a692260;  1 drivers
v000002244a6ed7f0_0 .net *"_ivl_8", 0 0, L_000002244a692650;  1 drivers
v000002244a6edbb0_0 .net "a", 0 0, L_000002244a6f8500;  1 drivers
v000002244a6ecd50_0 .net "b", 0 0, L_000002244a6f8960;  1 drivers
v000002244a6ed930_0 .net "cin", 0 0, L_000002244a692340;  alias, 1 drivers
v000002244a6ed570_0 .net "cout", 0 0, L_000002244a6923b0;  alias, 1 drivers
v000002244a6ecdf0_0 .net "sum", 0 0, L_000002244a6921f0;  1 drivers
S_000002244a6941f0 .scope module, "fa3" "full_adder" 2 23, 2 1 0, S_000002244a64ebb0;
 .timescale 0 0;
    .port_info 0 /INPUT 1 "a";
    .port_info 1 /INPUT 1 "b";
    .port_info 2 /INPUT 1 "cin";
    .port_info 3 /OUTPUT 1 "sum";
    .port_info 4 /OUTPUT 1 "cout";
L_000002244a692730 .functor XOR 1, L_000002244a6f8640, L_000002244a6f8aa0, C4<0>, C4<0>;
L_000002244a691ee0 .functor XOR 1, L_000002244a692730, L_000002244a6923b0, C4<0>, C4<0>;
L_000002244a692570 .functor AND 1, L_000002244a6f8640, L_000002244a6f8aa0, C4<1>, C4<1>;
L_000002244a692ab0 .functor AND 1, L_000002244a6f8640, L_000002244a6923b0, C4<1>, C4<1>;
L_000002244a6927a0 .functor OR 1, L_000002244a692570, L_000002244a692ab0, C4<0>, C4<0>;
L_000002244a692960 .functor AND 1, L_000002244a6f8aa0, L_000002244a6923b0, C4<1>, C4<1>;
L_000002244a6929d0 .functor OR 1, L_000002244a6927a0, L_000002244a692960, C4<0>, C4<0>;
v000002244a6ed430_0 .net *"_ivl_0", 0 0, L_000002244a692730;  1 drivers
v000002244a6ed390_0 .net *"_ivl_10", 0 0, L_000002244a692960;  1 drivers
v000002244a6ec3f0_0 .net *"_ivl_4", 0 0, L_000002244a692570;  1 drivers
v000002244a6ec5d0_0 .net *"_ivl_6", 0 0, L_000002244a692ab0;  1 drivers
v000002244a6ec490_0 .net *"_ivl_8", 0 0, L_000002244a6927a0;  1 drivers
v000002244a6ed610_0 .net "a", 0 0, L_000002244a6f8640;  1 drivers
v000002244a6ec8f0_0 .net "b", 0 0, L_000002244a6f8aa0;  1 drivers
v000002244a6ecfd0_0 .net "cin", 0 0, L_000002244a6923b0;  alias, 1 drivers
v000002244a6ed070_0 .net "cout", 0 0, L_000002244a6929d0;  alias, 1 drivers
v000002244a6ed1b0_0 .net "sum", 0 0, L_000002244a691ee0;  1 drivers
    .scope S_000002244a64ea20;
T_0 ;
    %vpi_call 2 41 "$dumpfile", "Full_adder.vcd" {0 0 0};
    %vpi_call 2 42 "$dumpvars", 32'sb00000000000000000000000000000000, S_000002244a64ea20 {0 0 0};
    %vpi_call 2 43 "$monitor", $time, " a=%b, b=%b, cin=%b, sum=%b, cout=%b", v000002244a6ebef0_0, v000002244a6ed9d0_0, v000002244a6edc50_0, v000002244a6ecb70_0, v000002244a6ebdb0_0 {0 0 0};
    %pushi/vec4 10, 0, 4;
    %store/vec4 v000002244a6ebef0_0, 0, 4;
    %pushi/vec4 6, 0, 4;
    %store/vec4 v000002244a6ed9d0_0, 0, 4;
    %pushi/vec4 0, 0, 1;
    %store/vec4 v000002244a6edc50_0, 0, 1;
    %delay 5, 0;
    %pushi/vec4 1, 0, 1;
    %store/vec4 v000002244a6edc50_0, 0, 1;
    %delay 5, 0;
    %vpi_call 2 48 "$finish" {0 0 0};
    %end;
    .thread T_0;
# The file index is used to find the file name in the following table.
:file_names 3;
    "N/A";
    "<interactive>";
    "Full_add_new.v";
