#! /c/Source/iverilog-install/bin/vvp
:ivl_version "12.0 (devel)" "(s20150603-1539-g2693dd32b)";
:ivl_delay_selection "TYPICAL";
:vpi_time_precision + 0;
:vpi_module "C:\iverilog\lib\ivl\system.vpi";
:vpi_module "C:\iverilog\lib\ivl\vhdl_sys.vpi";
:vpi_module "C:\iverilog\lib\ivl\vhdl_textio.vpi";
:vpi_module "C:\iverilog\lib\ivl\v2005_math.vpi";
:vpi_module "C:\iverilog\lib\ivl\va_math.vpi";
S_0000017f462939e0 .scope module, "ripple_adder_test" "ripple_adder_test" 2 28;
 .timescale 0 0;
v0000017f462923a0_0 .var "a", 3 0;
v0000017f46292760_0 .var "b", 3 0;
v0000017f46292800_0 .var "cin", 0 0;
v0000017f4628baf0_0 .net "cout", 0 0, L_0000017f462f8430;  1 drivers
v0000017f4628c090_0 .net "s", 3 0, L_0000017f462f4d40;  1 drivers
S_0000017f462987a0 .scope module, "G0" "ripple_adder" 2 33, 2 16 0, S_0000017f462939e0;
 .timescale 0 0;
    .port_info 0 /INPUT 4 "a";
    .port_info 1 /INPUT 4 "b";
    .port_info 2 /INPUT 1 "cin";
    .port_info 3 /OUTPUT 4 "s";
    .port_info 4 /OUTPUT 1 "cout";
v0000017f46292580_0 .net "a", 3 0, v0000017f462923a0_0;  1 drivers
v0000017f46292080_0 .net "b", 3 0, v0000017f46292760_0;  1 drivers
v0000017f462921c0_0 .net "c", 3 1, L_0000017f462f4980;  1 drivers
v0000017f46292260_0 .net "cin", 0 0, v0000017f46292800_0;  1 drivers
v0000017f46292620_0 .net "cout", 0 0, L_0000017f462f8430;  alias, 1 drivers
v0000017f46292300_0 .net "s", 3 0, L_0000017f462f4d40;  alias, 1 drivers
L_0000017f462f54c0 .part v0000017f462923a0_0, 0, 1;
L_0000017f462f57e0 .part v0000017f46292760_0, 0, 1;
L_0000017f462f4b60 .part v0000017f462923a0_0, 1, 1;
L_0000017f462f5ba0 .part v0000017f46292760_0, 1, 1;
L_0000017f462f5c40 .part L_0000017f462f4980, 0, 1;
L_0000017f462f4fc0 .part v0000017f462923a0_0, 2, 1;
L_0000017f462f4ca0 .part v0000017f46292760_0, 2, 1;
L_0000017f462f4660 .part L_0000017f462f4980, 1, 1;
L_0000017f462f4980 .concat8 [ 1 1 1 0], L_0000017f4628f950, L_0000017f46290600, L_0000017f462902f0;
L_0000017f462f4c00 .part v0000017f462923a0_0, 3, 1;
L_0000017f462f5ce0 .part v0000017f46292760_0, 3, 1;
L_0000017f462f5b00 .part L_0000017f462f4980, 2, 1;
L_0000017f462f4d40 .concat8 [ 1 1 1 1], L_0000017f462906e0, L_0000017f46290440, L_0000017f462904b0, L_0000017f4628fc60;
S_0000017f46298930 .scope module, "FA0" "full_adder" 2 22, 2 1 0, S_0000017f462987a0;
 .timescale 0 0;
    .port_info 0 /INPUT 1 "a";
    .port_info 1 /INPUT 1 "b";
    .port_info 2 /INPUT 1 "c";
    .port_info 3 /OUTPUT 1 "s";
    .port_info 4 /OUTPUT 1 "cout";
L_0000017f4628fdb0 .functor XOR 1, L_0000017f462f54c0, L_0000017f462f57e0, C4<0>, C4<0>;
L_0000017f462906e0 .functor XOR 1, v0000017f46292800_0, L_0000017f4628fdb0, C4<0>, C4<0>;
L_0000017f46290360 .functor AND 1, L_0000017f462f54c0, L_0000017f462f57e0, C4<1>, C4<1>;
L_0000017f462901a0 .functor AND 1, L_0000017f462f54c0, v0000017f46292800_0, C4<1>, C4<1>;
L_0000017f4628fe20 .functor AND 1, L_0000017f462f57e0, v0000017f46292800_0, C4<1>, C4<1>;
L_0000017f46290210 .functor OR 1, L_0000017f46290360, L_0000017f462901a0, C4<0>, C4<0>;
L_0000017f4628f950 .functor OR 1, L_0000017f46290210, L_0000017f4628fe20, C4<0>, C4<0>;
v0000017f462919a0_0 .net "a", 0 0, L_0000017f462f54c0;  1 drivers
v0000017f46290aa0_0 .net "b", 0 0, L_0000017f462f57e0;  1 drivers
v0000017f46291f40_0 .net "c", 0 0, v0000017f46292800_0;  alias, 1 drivers
v0000017f46291ae0_0 .net "cout", 0 0, L_0000017f4628f950;  1 drivers
v0000017f46291360_0 .net "s", 0 0, L_0000017f462906e0;  1 drivers
v0000017f46290b40_0 .net "w1", 0 0, L_0000017f4628fdb0;  1 drivers
v0000017f46291e00_0 .net "w2", 0 0, L_0000017f46290360;  1 drivers
v0000017f46291540_0 .net "w3", 0 0, L_0000017f462901a0;  1 drivers
v0000017f46290dc0_0 .net "w4", 0 0, L_0000017f4628fe20;  1 drivers
v0000017f46290be0_0 .net "w5", 0 0, L_0000017f46290210;  1 drivers
S_0000017f45fe62e0 .scope module, "FA1" "full_adder" 2 23, 2 1 0, S_0000017f462987a0;
 .timescale 0 0;
    .port_info 0 /INPUT 1 "a";
    .port_info 1 /INPUT 1 "b";
    .port_info 2 /INPUT 1 "c";
    .port_info 3 /OUTPUT 1 "s";
    .port_info 4 /OUTPUT 1 "cout";
L_0000017f4628ff70 .functor XOR 1, L_0000017f462f4b60, L_0000017f462f5ba0, C4<0>, C4<0>;
L_0000017f46290440 .functor XOR 1, L_0000017f462f5c40, L_0000017f4628ff70, C4<0>, C4<0>;
L_0000017f462900c0 .functor AND 1, L_0000017f462f4b60, L_0000017f462f5ba0, C4<1>, C4<1>;
L_0000017f4628fe90 .functor AND 1, L_0000017f462f4b60, L_0000017f462f5c40, C4<1>, C4<1>;
L_0000017f46290830 .functor AND 1, L_0000017f462f5ba0, L_0000017f462f5c40, C4<1>, C4<1>;
L_0000017f4628ff00 .functor OR 1, L_0000017f462900c0, L_0000017f4628fe90, C4<0>, C4<0>;
L_0000017f46290600 .functor OR 1, L_0000017f4628ff00, L_0000017f46290830, C4<0>, C4<0>;
v0000017f462924e0_0 .net "a", 0 0, L_0000017f462f4b60;  1 drivers
v0000017f46292440_0 .net "b", 0 0, L_0000017f462f5ba0;  1 drivers
v0000017f46291a40_0 .net "c", 0 0, L_0000017f462f5c40;  1 drivers
v0000017f462914a0_0 .net "cout", 0 0, L_0000017f46290600;  1 drivers
v0000017f46290c80_0 .net "s", 0 0, L_0000017f46290440;  1 drivers
v0000017f462915e0_0 .net "w1", 0 0, L_0000017f4628ff70;  1 drivers
v0000017f46291400_0 .net "w2", 0 0, L_0000017f462900c0;  1 drivers
v0000017f46290e60_0 .net "w3", 0 0, L_0000017f4628fe90;  1 drivers
v0000017f46291cc0_0 .net "w4", 0 0, L_0000017f46290830;  1 drivers
v0000017f46292120_0 .net "w5", 0 0, L_0000017f4628ff00;  1 drivers
S_0000017f45fe6470 .scope module, "FA2" "full_adder" 2 24, 2 1 0, S_0000017f462987a0;
 .timescale 0 0;
    .port_info 0 /INPUT 1 "a";
    .port_info 1 /INPUT 1 "b";
    .port_info 2 /INPUT 1 "c";
    .port_info 3 /OUTPUT 1 "s";
    .port_info 4 /OUTPUT 1 "cout";
L_0000017f46290670 .functor XOR 1, L_0000017f462f4fc0, L_0000017f462f4ca0, C4<0>, C4<0>;
L_0000017f462904b0 .functor XOR 1, L_0000017f462f4660, L_0000017f46290670, C4<0>, C4<0>;
L_0000017f4628ffe0 .functor AND 1, L_0000017f462f4fc0, L_0000017f462f4ca0, C4<1>, C4<1>;
L_0000017f46290050 .functor AND 1, L_0000017f462f4fc0, L_0000017f462f4660, C4<1>, C4<1>;
L_0000017f46290130 .functor AND 1, L_0000017f462f4ca0, L_0000017f462f4660, C4<1>, C4<1>;
L_0000017f46290280 .functor OR 1, L_0000017f4628ffe0, L_0000017f46290050, C4<0>, C4<0>;
L_0000017f462902f0 .functor OR 1, L_0000017f46290280, L_0000017f46290130, C4<0>, C4<0>;
v0000017f46290d20_0 .net "a", 0 0, L_0000017f462f4fc0;  1 drivers
v0000017f462910e0_0 .net "b", 0 0, L_0000017f462f4ca0;  1 drivers
v0000017f46291b80_0 .net "c", 0 0, L_0000017f462f4660;  1 drivers
v0000017f46291680_0 .net "cout", 0 0, L_0000017f462902f0;  1 drivers
v0000017f46291c20_0 .net "s", 0 0, L_0000017f462904b0;  1 drivers
v0000017f46290a00_0 .net "w1", 0 0, L_0000017f46290670;  1 drivers
v0000017f46291d60_0 .net "w2", 0 0, L_0000017f4628ffe0;  1 drivers
v0000017f462926c0_0 .net "w3", 0 0, L_0000017f46290050;  1 drivers
v0000017f46290f00_0 .net "w4", 0 0, L_0000017f46290130;  1 drivers
v0000017f46291720_0 .net "w5", 0 0, L_0000017f46290280;  1 drivers
S_0000017f462f3e40 .scope module, "FA3" "full_adder" 2 25, 2 1 0, S_0000017f462987a0;
 .timescale 0 0;
    .port_info 0 /INPUT 1 "a";
    .port_info 1 /INPUT 1 "b";
    .port_info 2 /INPUT 1 "c";
    .port_info 3 /OUTPUT 1 "s";
    .port_info 4 /OUTPUT 1 "cout";
L_0000017f4628fcd0 .functor XOR 1, L_0000017f462f4c00, L_0000017f462f5ce0, C4<0>, C4<0>;
L_0000017f4628fc60 .functor XOR 1, L_0000017f462f5b00, L_0000017f4628fcd0, C4<0>, C4<0>;
L_0000017f4628f9c0 .functor AND 1, L_0000017f462f4c00, L_0000017f462f5ce0, C4<1>, C4<1>;
L_0000017f46290520 .functor AND 1, L_0000017f462f4c00, L_0000017f462f5b00, C4<1>, C4<1>;
L_0000017f46290590 .functor AND 1, L_0000017f462f5ce0, L_0000017f462f5b00, C4<1>, C4<1>;
L_0000017f4628fa30 .functor OR 1, L_0000017f4628f9c0, L_0000017f46290520, C4<0>, C4<0>;
L_0000017f462f8430 .functor OR 1, L_0000017f4628fa30, L_0000017f46290590, C4<0>, C4<0>;
v0000017f46291860_0 .net "a", 0 0, L_0000017f462f4c00;  1 drivers
v0000017f46290fa0_0 .net "b", 0 0, L_0000017f462f5ce0;  1 drivers
v0000017f46291ea0_0 .net "c", 0 0, L_0000017f462f5b00;  1 drivers
v0000017f46291180_0 .net "cout", 0 0, L_0000017f462f8430;  alias, 1 drivers
v0000017f46291040_0 .net "s", 0 0, L_0000017f4628fc60;  1 drivers
v0000017f46291900_0 .net "w1", 0 0, L_0000017f4628fcd0;  1 drivers
v0000017f46291fe0_0 .net "w2", 0 0, L_0000017f4628f9c0;  1 drivers
v0000017f46290960_0 .net "w3", 0 0, L_0000017f46290520;  1 drivers
v0000017f46291220_0 .net "w4", 0 0, L_0000017f46290590;  1 drivers
v0000017f462912c0_0 .net "w5", 0 0, L_0000017f4628fa30;  1 drivers
    .scope S_0000017f462939e0;
T_0 ;
    %pushi/vec4 0, 0, 4;
    %store/vec4 v0000017f462923a0_0, 0, 4;
    %pushi/vec4 0, 0, 4;
    %store/vec4 v0000017f46292760_0, 0, 4;
    %pushi/vec4 0, 0, 1;
    %store/vec4 v0000017f46292800_0, 0, 1;
    %delay 50, 0;
    %vpi_call 2 39 "$finish" {0 0 0};
    %end;
    .thread T_0;
    .scope S_0000017f462939e0;
T_1 ;
    %vpi_call 2 43 "$dumpfile", "ripple_adder.vcd" {0 0 0};
    %vpi_call 2 44 "$dumpvars", 32'sb00000000000000000000000000000000, S_0000017f462939e0 {0 0 0};
    %vpi_call 2 45 "$monitor", $time, "a = %b, b = %b, cin = %b, s = %b, cout = %b", v0000017f462923a0_0, v0000017f46292760_0, v0000017f46292800_0, v0000017f4628c090_0, v0000017f4628baf0_0 {0 0 0};
    %delay 5, 0;
    %pushi/vec4 15, 0, 4;
    %store/vec4 v0000017f462923a0_0, 0, 4;
    %delay 5, 0;
    %pushi/vec4 1, 0, 1;
    %store/vec4 v0000017f46292800_0, 0, 1;
    %delay 5, 0;
    %pushi/vec4 15, 0, 4;
    %store/vec4 v0000017f46292760_0, 0, 4;
    %delay 5, 0;
    %pushi/vec4 0, 0, 1;
    %store/vec4 v0000017f46292800_0, 0, 1;
    %delay 5, 0;
    %pushi/vec4 10, 0, 4;
    %store/vec4 v0000017f462923a0_0, 0, 4;
    %end;
    .thread T_1;
# The file index is used to find the file name in the following table.
:file_names 3;
    "N/A";
    "<interactive>";
    "full_adder.v";
