#! /c/Source/iverilog-install/bin/vvp
:ivl_version "12.0 (devel)" "(s20150603-1539-g2693dd32b)";
:ivl_delay_selection "TYPICAL";
:vpi_time_precision + 0;
:vpi_module "C:\iverilog\lib\ivl\system.vpi";
:vpi_module "C:\iverilog\lib\ivl\vhdl_sys.vpi";
:vpi_module "C:\iverilog\lib\ivl\vhdl_textio.vpi";
:vpi_module "C:\iverilog\lib\ivl\v2005_math.vpi";
:vpi_module "C:\iverilog\lib\ivl\va_math.vpi";
S_00000256568b6240 .scope module, "tb_ram_64x8" "tb_ram_64x8" 2 22;
 .timescale 0 0;
v000002565686bcb0_0 .var "address", 5 0;
v000002565686bd50_0 .var "clk", 0 0;
v000002565686bdf0_0 .net "data", 7 0, v0000025656866c60_0;  1 drivers
v000002565686be90_0 .var "din", 7 0;
v000002565686bf30_0 .var "wr", 0 0;
S_00000256568b63d0 .scope module, "DUT" "ram_64x8" 2 30, 2 1 0, S_00000256568b6240;
 .timescale 0 0;
    .port_info 0 /INPUT 1 "clk";
    .port_info 1 /INPUT 1 "wr";
    .port_info 2 /INPUT 6 "address";
    .port_info 3 /INPUT 8 "din";
    .port_info 4 /OUTPUT 8 "data";
v0000025656866ee0_0 .net "address", 5 0, v000002565686bcb0_0;  1 drivers
v0000025656867100_0 .net "clk", 0 0, v000002565686bd50_0;  1 drivers
v0000025656866c60_0 .var "data", 7 0;
v000002565686bad0_0 .net "din", 7 0, v000002565686be90_0;  1 drivers
v000002565686bb70 .array "ram", 63 0, 7 0;
v000002565686bc10_0 .net "wr", 0 0, v000002565686bf30_0;  1 drivers
E_00000256568b9d90 .event posedge, v0000025656867100_0;
    .scope S_00000256568b63d0;
T_0 ;
    %wait E_00000256568b9d90;
    %load/vec4 v000002565686bc10_0;
    %flag_set/vec4 8;
    %jmp/0xz  T_0.0, 8;
    %load/vec4 v000002565686bad0_0;
    %load/vec4 v0000025656866ee0_0;
    %pad/u 8;
    %ix/vec4 3;
    %ix/load 4, 0, 0; Constant delay
    %assign/vec4/a/d v000002565686bb70, 0, 4;
T_0.0 ;
    %load/vec4 v0000025656866ee0_0;
    %pad/u 8;
    %ix/vec4 4;
    %load/vec4a v000002565686bb70, 4;
    %assign/vec4 v0000025656866c60_0, 0;
    %jmp T_0;
    .thread T_0;
    .scope S_00000256568b6240;
T_1 ;
    %pushi/vec4 0, 0, 1;
    %store/vec4 v000002565686bd50_0, 0, 1;
    %pushi/vec4 0, 0, 1;
    %store/vec4 v000002565686bf30_0, 0, 1;
    %pushi/vec4 0, 0, 6;
    %store/vec4 v000002565686bcb0_0, 0, 6;
    %pushi/vec4 0, 0, 8;
    %store/vec4 v000002565686be90_0, 0, 8;
    %vpi_call 2 44 "$monitor", "At time %0t, clk = %b, address = %h, din = %h, data = %h", $time, v000002565686bd50_0, v000002565686bcb0_0, v000002565686be90_0, v000002565686bdf0_0 {0 0 0};
    %pushi/vec4 1, 0, 1;
    %store/vec4 v000002565686bf30_0, 0, 1;
    %delay 10, 0;
    %pushi/vec4 0, 0, 6;
    %store/vec4 v000002565686bcb0_0, 0, 6;
    %pushi/vec4 17, 0, 8;
    %store/vec4 v000002565686be90_0, 0, 8;
    %delay 10, 0;
    %pushi/vec4 1, 0, 6;
    %store/vec4 v000002565686bcb0_0, 0, 6;
    %pushi/vec4 34, 0, 8;
    %store/vec4 v000002565686be90_0, 0, 8;
    %delay 10, 0;
    %pushi/vec4 2, 0, 6;
    %store/vec4 v000002565686bcb0_0, 0, 6;
    %pushi/vec4 51, 0, 8;
    %store/vec4 v000002565686be90_0, 0, 8;
    %delay 10, 0;
    %pushi/vec4 0, 0, 1;
    %store/vec4 v000002565686bf30_0, 0, 1;
    %delay 10, 0;
    %pushi/vec4 0, 0, 6;
    %store/vec4 v000002565686bcb0_0, 0, 6;
    %delay 10, 0;
    %pushi/vec4 1, 0, 6;
    %store/vec4 v000002565686bcb0_0, 0, 6;
    %delay 10, 0;
    %pushi/vec4 2, 0, 6;
    %store/vec4 v000002565686bcb0_0, 0, 6;
    %delay 10, 0;
    %delay 10, 0;
    %vpi_call 2 66 "$finish" {0 0 0};
    %end;
    .thread T_1;
    .scope S_00000256568b6240;
T_2 ;
    %delay 5, 0;
    %load/vec4 v000002565686bd50_0;
    %inv;
    %store/vec4 v000002565686bd50_0, 0, 1;
    %jmp T_2;
    .thread T_2;
# The file index is used to find the file name in the following table.
:file_names 3;
    "N/A";
    "<interactive>";
    "ram.v";
