#! /c/Source/iverilog-install/bin/vvp
:ivl_version "12.0 (devel)" "(s20150603-1539-g2693dd32b)";
:ivl_delay_selection "TYPICAL";
:vpi_time_precision + 0;
:vpi_module "C:\iverilog\lib\ivl\system.vpi";
:vpi_module "C:\iverilog\lib\ivl\vhdl_sys.vpi";
:vpi_module "C:\iverilog\lib\ivl\vhdl_textio.vpi";
:vpi_module "C:\iverilog\lib\ivl\v2005_math.vpi";
:vpi_module "C:\iverilog\lib\ivl\va_math.vpi";
:vpi_module "C:\iverilog\lib\ivl\v2009.vpi";
S_00000235a02759c0 .scope package, "$unit" "$unit" 2 1;
 .timescale 0 0;
S_00000235a0287950 .scope module, "tb_sequence_detector" "tb_sequence_detector" 3 45;
 .timescale 0 0;
v00000235a02839f0_0 .var "DIN", 0 0;
v00000235a0283a90_0 .net "FOUND", 0 0, v00000235a0237180_0;  1 drivers
v00000235a0284340_0 .var "clk", 0 0;
v00000235a02843e0_0 .var "reset", 0 0;
S_00000235a0287ae0 .scope module, "uut" "sequence_detector" 3 52, 3 1 0, S_00000235a0287950;
 .timescale 0 0;
    .port_info 0 /INPUT 1 "clk";
    .port_info 1 /INPUT 1 "reset";
    .port_info 2 /INPUT 1 "DIN";
    .port_info 3 /OUTPUT 1 "FOUND";
P_00000235a0287c70 .param/l "S0" 0 3 9, C4<001>;
P_00000235a0287ca8 .param/l "S1" 0 3 9, C4<010>;
P_00000235a0287ce0 .param/l "S2" 0 3 9, C4<100>;
P_00000235a0287d18 .param/l "S3" 0 3 9, C4<111>;
v00000235a023a5f0_0 .net "DIN", 0 0, v00000235a02839f0_0;  1 drivers
v00000235a0237180_0 .var "FOUND", 0 0;
v00000235a0284b70_0 .net "clk", 0 0, v00000235a0284340_0;  1 drivers
v00000235a0275b50_0 .var "current_state", 2 0;
v00000235a0275bf0_0 .var "next_state", 2 0;
v00000235a0283950_0 .net "reset", 0 0, v00000235a02843e0_0;  1 drivers
E_00000235a0285150 .event anyedge, v00000235a0275b50_0, v00000235a023a5f0_0;
E_00000235a0285050 .event posedge, v00000235a0283950_0, v00000235a0284b70_0;
    .scope S_00000235a0287ae0;
T_0 ;
    %wait E_00000235a0285050;
    %load/vec4 v00000235a0283950_0;
    %flag_set/vec4 8;
    %jmp/0xz  T_0.0, 8;
    %pushi/vec4 1, 0, 3;
    %assign/vec4 v00000235a0275b50_0, 0;
    %jmp T_0.1;
T_0.0 ;
    %load/vec4 v00000235a0275bf0_0;
    %assign/vec4 v00000235a0275b50_0, 0;
T_0.1 ;
    %jmp T_0;
    .thread T_0;
    .scope S_00000235a0287ae0;
T_1 ;
    %wait E_00000235a0285150;
    %load/vec4 v00000235a0275b50_0;
    %dup/vec4;
    %pushi/vec4 1, 0, 3;
    %cmp/u;
    %jmp/1 T_1.0, 6;
    %dup/vec4;
    %pushi/vec4 2, 0, 3;
    %cmp/u;
    %jmp/1 T_1.1, 6;
    %dup/vec4;
    %pushi/vec4 4, 0, 3;
    %cmp/u;
    %jmp/1 T_1.2, 6;
    %dup/vec4;
    %pushi/vec4 7, 0, 3;
    %cmp/u;
    %jmp/1 T_1.3, 6;
    %pushi/vec4 1, 0, 3;
    %store/vec4 v00000235a0275bf0_0, 0, 3;
    %jmp T_1.5;
T_1.0 ;
    %load/vec4 v00000235a023a5f0_0;
    %cmpi/e 0, 0, 1;
    %jmp/0xz  T_1.6, 4;
    %pushi/vec4 2, 0, 3;
    %store/vec4 v00000235a0275bf0_0, 0, 3;
    %jmp T_1.7;
T_1.6 ;
    %pushi/vec4 1, 0, 3;
    %store/vec4 v00000235a0275bf0_0, 0, 3;
T_1.7 ;
    %jmp T_1.5;
T_1.1 ;
    %load/vec4 v00000235a023a5f0_0;
    %cmpi/e 1, 0, 1;
    %jmp/0xz  T_1.8, 4;
    %pushi/vec4 4, 0, 3;
    %store/vec4 v00000235a0275bf0_0, 0, 3;
    %jmp T_1.9;
T_1.8 ;
    %pushi/vec4 1, 0, 3;
    %store/vec4 v00000235a0275bf0_0, 0, 3;
T_1.9 ;
    %jmp T_1.5;
T_1.2 ;
    %load/vec4 v00000235a023a5f0_0;
    %cmpi/e 0, 0, 1;
    %jmp/0xz  T_1.10, 4;
    %pushi/vec4 7, 0, 3;
    %store/vec4 v00000235a0275bf0_0, 0, 3;
    %jmp T_1.11;
T_1.10 ;
    %pushi/vec4 1, 0, 3;
    %store/vec4 v00000235a0275bf0_0, 0, 3;
T_1.11 ;
    %jmp T_1.5;
T_1.3 ;
    %load/vec4 v00000235a023a5f0_0;
    %cmpi/e 1, 0, 1;
    %jmp/0xz  T_1.12, 4;
    %pushi/vec4 2, 0, 3;
    %store/vec4 v00000235a0275bf0_0, 0, 3;
    %jmp T_1.13;
T_1.12 ;
    %pushi/vec4 1, 0, 3;
    %store/vec4 v00000235a0275bf0_0, 0, 3;
T_1.13 ;
    %jmp T_1.5;
T_1.5 ;
    %pop/vec4 1;
    %jmp T_1;
    .thread T_1, $push;
    .scope S_00000235a0287ae0;
T_2 ;
    %wait E_00000235a0285150;
    %load/vec4 v00000235a0275b50_0;
    %cmpi/e 7, 0, 3;
    %flag_get/vec4 4;
    %jmp/0 T_2.0, 4;
    %load/vec4 v00000235a023a5f0_0;
    %pushi/vec4 1, 0, 1;
    %cmp/e;
    %flag_get/vec4 4;
    %and;
T_2.0;
    %store/vec4 v00000235a0237180_0, 0, 1;
    %jmp T_2;
    .thread T_2, $push;
    .scope S_00000235a0287950;
T_3 ;
    %pushi/vec4 0, 0, 1;
    %store/vec4 v00000235a0284340_0, 0, 1;
T_3.0 ;
    %delay 5, 0;
    %load/vec4 v00000235a0284340_0;
    %inv;
    %store/vec4 v00000235a0284340_0, 0, 1;
    %jmp T_3.0;
    %end;
    .thread T_3;
    .scope S_00000235a0287950;
T_4 ;
    %pushi/vec4 1, 0, 1;
    %store/vec4 v00000235a02843e0_0, 0, 1;
    %pushi/vec4 0, 0, 1;
    %store/vec4 v00000235a02839f0_0, 0, 1;
    %delay 15, 0;
    %pushi/vec4 0, 0, 1;
    %store/vec4 v00000235a02843e0_0, 0, 1;
    %delay 10, 0;
    %pushi/vec4 0, 0, 1;
    %store/vec4 v00000235a02839f0_0, 0, 1;
    %delay 10, 0;
    %pushi/vec4 1, 0, 1;
    %store/vec4 v00000235a02839f0_0, 0, 1;
    %delay 10, 0;
    %pushi/vec4 0, 0, 1;
    %store/vec4 v00000235a02839f0_0, 0, 1;
    %delay 10, 0;
    %pushi/vec4 1, 0, 1;
    %store/vec4 v00000235a02839f0_0, 0, 1;
    %delay 10, 0;
    %vpi_call/w 3 79 "$stop" {0 0 0};
    %end;
    .thread T_4;
    .scope S_00000235a0287950;
T_5 ;
    %vpi_call/w 3 83 "$monitor", "At time %t, DIN = %b, FOUND = %b", $time, v00000235a02839f0_0, v00000235a0283a90_0 {0 0 0};
    %end;
    .thread T_5;
# The file index is used to find the file name in the following table.
:file_names 4;
    "N/A";
    "<interactive>";
    "-";
    "5.v";
