#! /c/Source/iverilog-install/bin/vvp
:ivl_version "12.0 (devel)" "(s20150603-1539-g2693dd32b)";
:ivl_delay_selection "TYPICAL";
:vpi_time_precision + 0;
:vpi_module "C:\iverilog\lib\ivl\system.vpi";
:vpi_module "C:\iverilog\lib\ivl\vhdl_sys.vpi";
:vpi_module "C:\iverilog\lib\ivl\vhdl_textio.vpi";
:vpi_module "C:\iverilog\lib\ivl\v2005_math.vpi";
:vpi_module "C:\iverilog\lib\ivl\va_math.vpi";
:vpi_module "C:\iverilog\lib\ivl\v2009.vpi";
S_000002bb8a8ebcc0 .scope package, "$unit" "$unit" 2 1;
 .timescale 0 0;
S_000002bb8a8ebe50 .scope module, "shift_register_8_stage" "shift_register_8_stage" 3 1;
 .timescale 0 0;
    .port_info 0 /INPUT 1 "clk";
    .port_info 1 /INPUT 1 "reset";
    .port_info 2 /INPUT 16 "d";
    .port_info 3 /OUTPUT 16 "A";
    .port_info 4 /OUTPUT 16 "B";
    .port_info 5 /OUTPUT 16 "C";
    .port_info 6 /OUTPUT 16 "D";
    .port_info 7 /OUTPUT 16 "E";
    .port_info 8 /OUTPUT 16 "F";
    .port_info 9 /OUTPUT 16 "G";
    .port_info 10 /OUTPUT 16 "H";
v000002bb8a8e68b0_0 .var "A", 15 0;
v000002bb8a934380_0 .var "B", 15 0;
v000002bb8a934420_0 .var "C", 15 0;
v000002bb8a9344c0_0 .var "D", 15 0;
v000002bb8a934560_0 .var "E", 15 0;
v000002bb8a934600_0 .var "F", 15 0;
v000002bb8a8e63d0_0 .var "G", 15 0;
v000002bb8a8e6470_0 .var "H", 15 0;
o000002bb8a93a0c8 .functor BUFZ 1, C4<z>; HiZ drive
v000002bb8a8e6510_0 .net "clk", 0 0, o000002bb8a93a0c8;  0 drivers
o000002bb8a93a0f8 .functor BUFZ 16, C4<zzzzzzzzzzzzzzzz>; HiZ drive
v000002bb8a8e65b0_0 .net "d", 15 0, o000002bb8a93a0f8;  0 drivers
o000002bb8a93a128 .functor BUFZ 1, C4<z>; HiZ drive
v000002bb8a8e6650_0 .net "reset", 0 0, o000002bb8a93a128;  0 drivers
E_000002bb8a8e9a50 .event posedge, v000002bb8a8e6650_0, v000002bb8a8e6510_0;
    .scope S_000002bb8a8ebe50;
T_0 ;
    %wait E_000002bb8a8e9a50;
    %load/vec4 v000002bb8a8e6650_0;
    %flag_set/vec4 8;
    %jmp/0xz  T_0.0, 8;
    %pushi/vec4 0, 0, 16;
    %assign/vec4 v000002bb8a8e68b0_0, 0;
    %pushi/vec4 0, 0, 16;
    %assign/vec4 v000002bb8a934380_0, 0;
    %pushi/vec4 0, 0, 16;
    %assign/vec4 v000002bb8a934420_0, 0;
    %pushi/vec4 0, 0, 16;
    %assign/vec4 v000002bb8a9344c0_0, 0;
    %pushi/vec4 0, 0, 16;
    %assign/vec4 v000002bb8a934560_0, 0;
    %pushi/vec4 0, 0, 16;
    %assign/vec4 v000002bb8a934600_0, 0;
    %pushi/vec4 0, 0, 16;
    %assign/vec4 v000002bb8a8e63d0_0, 0;
    %pushi/vec4 0, 0, 16;
    %assign/vec4 v000002bb8a8e6470_0, 0;
    %jmp T_0.1;
T_0.0 ;
    %load/vec4 v000002bb8a8e63d0_0;
    %assign/vec4 v000002bb8a8e6470_0, 0;
    %load/vec4 v000002bb8a934600_0;
    %assign/vec4 v000002bb8a8e63d0_0, 0;
    %load/vec4 v000002bb8a934560_0;
    %assign/vec4 v000002bb8a934600_0, 0;
    %load/vec4 v000002bb8a9344c0_0;
    %assign/vec4 v000002bb8a934560_0, 0;
    %load/vec4 v000002bb8a934420_0;
    %assign/vec4 v000002bb8a9344c0_0, 0;
    %load/vec4 v000002bb8a934380_0;
    %assign/vec4 v000002bb8a934420_0, 0;
    %load/vec4 v000002bb8a8e68b0_0;
    %assign/vec4 v000002bb8a934380_0, 0;
    %load/vec4 v000002bb8a8e65b0_0;
    %assign/vec4 v000002bb8a8e68b0_0, 0;
T_0.1 ;
    %jmp T_0;
    .thread T_0;
# The file index is used to find the file name in the following table.
:file_names 4;
    "N/A";
    "<interactive>";
    "-";
    "7_2.4.v";
