#! /c/Source/iverilog-install/bin/vvp
:ivl_version "12.0 (devel)" "(s20150603-1539-g2693dd32b)";
:ivl_delay_selection "TYPICAL";
:vpi_time_precision + 0;
:vpi_module "C:\iverilog\lib\ivl\system.vpi";
:vpi_module "C:\iverilog\lib\ivl\vhdl_sys.vpi";
:vpi_module "C:\iverilog\lib\ivl\vhdl_textio.vpi";
:vpi_module "C:\iverilog\lib\ivl\v2005_math.vpi";
:vpi_module "C:\iverilog\lib\ivl\va_math.vpi";
:vpi_module "C:\iverilog\lib\ivl\v2009.vpi";
S_000002a36d7fbde0 .scope package, "$unit" "$unit" 2 1;
 .timescale 0 0;
S_000002a36d83f310 .scope module, "tb_rom_64x8" "tb_rom_64x8" 3 82;
 .timescale 0 0;
v000002a36d844760_0 .var "address", 5 0;
v000002a36d7f6820_0 .net "data", 7 0, v000002a36d844620_0;  1 drivers
S_000002a36d83f4a0 .scope module, "uut" "rom_64x8" 3 85, 3 1 0, S_000002a36d83f310;
 .timescale 0 0;
    .port_info 0 /INPUT 6 "address";
    .port_info 1 /OUTPUT 8 "data";
v000002a36d83f630_0 .net "address", 5 0, v000002a36d844760_0;  1 drivers
v000002a36d844620_0 .var "data", 7 0;
v000002a36d8446c0 .array "rom", 63 0, 7 0;
v000002a36d8446c0_0 .array/port v000002a36d8446c0, 0;
v000002a36d8446c0_1 .array/port v000002a36d8446c0, 1;
v000002a36d8446c0_2 .array/port v000002a36d8446c0, 2;
E_000002a36d842f90/0 .event anyedge, v000002a36d83f630_0, v000002a36d8446c0_0, v000002a36d8446c0_1, v000002a36d8446c0_2;
v000002a36d8446c0_3 .array/port v000002a36d8446c0, 3;
v000002a36d8446c0_4 .array/port v000002a36d8446c0, 4;
v000002a36d8446c0_5 .array/port v000002a36d8446c0, 5;
v000002a36d8446c0_6 .array/port v000002a36d8446c0, 6;
E_000002a36d842f90/1 .event anyedge, v000002a36d8446c0_3, v000002a36d8446c0_4, v000002a36d8446c0_5, v000002a36d8446c0_6;
v000002a36d8446c0_7 .array/port v000002a36d8446c0, 7;
v000002a36d8446c0_8 .array/port v000002a36d8446c0, 8;
v000002a36d8446c0_9 .array/port v000002a36d8446c0, 9;
v000002a36d8446c0_10 .array/port v000002a36d8446c0, 10;
E_000002a36d842f90/2 .event anyedge, v000002a36d8446c0_7, v000002a36d8446c0_8, v000002a36d8446c0_9, v000002a36d8446c0_10;
v000002a36d8446c0_11 .array/port v000002a36d8446c0, 11;
v000002a36d8446c0_12 .array/port v000002a36d8446c0, 12;
v000002a36d8446c0_13 .array/port v000002a36d8446c0, 13;
v000002a36d8446c0_14 .array/port v000002a36d8446c0, 14;
E_000002a36d842f90/3 .event anyedge, v000002a36d8446c0_11, v000002a36d8446c0_12, v000002a36d8446c0_13, v000002a36d8446c0_14;
v000002a36d8446c0_15 .array/port v000002a36d8446c0, 15;
v000002a36d8446c0_16 .array/port v000002a36d8446c0, 16;
v000002a36d8446c0_17 .array/port v000002a36d8446c0, 17;
v000002a36d8446c0_18 .array/port v000002a36d8446c0, 18;
E_000002a36d842f90/4 .event anyedge, v000002a36d8446c0_15, v000002a36d8446c0_16, v000002a36d8446c0_17, v000002a36d8446c0_18;
v000002a36d8446c0_19 .array/port v000002a36d8446c0, 19;
v000002a36d8446c0_20 .array/port v000002a36d8446c0, 20;
v000002a36d8446c0_21 .array/port v000002a36d8446c0, 21;
v000002a36d8446c0_22 .array/port v000002a36d8446c0, 22;
E_000002a36d842f90/5 .event anyedge, v000002a36d8446c0_19, v000002a36d8446c0_20, v000002a36d8446c0_21, v000002a36d8446c0_22;
v000002a36d8446c0_23 .array/port v000002a36d8446c0, 23;
v000002a36d8446c0_24 .array/port v000002a36d8446c0, 24;
v000002a36d8446c0_25 .array/port v000002a36d8446c0, 25;
v000002a36d8446c0_26 .array/port v000002a36d8446c0, 26;
E_000002a36d842f90/6 .event anyedge, v000002a36d8446c0_23, v000002a36d8446c0_24, v000002a36d8446c0_25, v000002a36d8446c0_26;
v000002a36d8446c0_27 .array/port v000002a36d8446c0, 27;
v000002a36d8446c0_28 .array/port v000002a36d8446c0, 28;
v000002a36d8446c0_29 .array/port v000002a36d8446c0, 29;
v000002a36d8446c0_30 .array/port v000002a36d8446c0, 30;
E_000002a36d842f90/7 .event anyedge, v000002a36d8446c0_27, v000002a36d8446c0_28, v000002a36d8446c0_29, v000002a36d8446c0_30;
v000002a36d8446c0_31 .array/port v000002a36d8446c0, 31;
v000002a36d8446c0_32 .array/port v000002a36d8446c0, 32;
v000002a36d8446c0_33 .array/port v000002a36d8446c0, 33;
v000002a36d8446c0_34 .array/port v000002a36d8446c0, 34;
E_000002a36d842f90/8 .event anyedge, v000002a36d8446c0_31, v000002a36d8446c0_32, v000002a36d8446c0_33, v000002a36d8446c0_34;
v000002a36d8446c0_35 .array/port v000002a36d8446c0, 35;
v000002a36d8446c0_36 .array/port v000002a36d8446c0, 36;
v000002a36d8446c0_37 .array/port v000002a36d8446c0, 37;
v000002a36d8446c0_38 .array/port v000002a36d8446c0, 38;
E_000002a36d842f90/9 .event anyedge, v000002a36d8446c0_35, v000002a36d8446c0_36, v000002a36d8446c0_37, v000002a36d8446c0_38;
v000002a36d8446c0_39 .array/port v000002a36d8446c0, 39;
v000002a36d8446c0_40 .array/port v000002a36d8446c0, 40;
v000002a36d8446c0_41 .array/port v000002a36d8446c0, 41;
v000002a36d8446c0_42 .array/port v000002a36d8446c0, 42;
E_000002a36d842f90/10 .event anyedge, v000002a36d8446c0_39, v000002a36d8446c0_40, v000002a36d8446c0_41, v000002a36d8446c0_42;
v000002a36d8446c0_43 .array/port v000002a36d8446c0, 43;
v000002a36d8446c0_44 .array/port v000002a36d8446c0, 44;
v000002a36d8446c0_45 .array/port v000002a36d8446c0, 45;
v000002a36d8446c0_46 .array/port v000002a36d8446c0, 46;
E_000002a36d842f90/11 .event anyedge, v000002a36d8446c0_43, v000002a36d8446c0_44, v000002a36d8446c0_45, v000002a36d8446c0_46;
v000002a36d8446c0_47 .array/port v000002a36d8446c0, 47;
v000002a36d8446c0_48 .array/port v000002a36d8446c0, 48;
v000002a36d8446c0_49 .array/port v000002a36d8446c0, 49;
v000002a36d8446c0_50 .array/port v000002a36d8446c0, 50;
E_000002a36d842f90/12 .event anyedge, v000002a36d8446c0_47, v000002a36d8446c0_48, v000002a36d8446c0_49, v000002a36d8446c0_50;
v000002a36d8446c0_51 .array/port v000002a36d8446c0, 51;
v000002a36d8446c0_52 .array/port v000002a36d8446c0, 52;
v000002a36d8446c0_53 .array/port v000002a36d8446c0, 53;
v000002a36d8446c0_54 .array/port v000002a36d8446c0, 54;
E_000002a36d842f90/13 .event anyedge, v000002a36d8446c0_51, v000002a36d8446c0_52, v000002a36d8446c0_53, v000002a36d8446c0_54;
v000002a36d8446c0_55 .array/port v000002a36d8446c0, 55;
v000002a36d8446c0_56 .array/port v000002a36d8446c0, 56;
v000002a36d8446c0_57 .array/port v000002a36d8446c0, 57;
v000002a36d8446c0_58 .array/port v000002a36d8446c0, 58;
E_000002a36d842f90/14 .event anyedge, v000002a36d8446c0_55, v000002a36d8446c0_56, v000002a36d8446c0_57, v000002a36d8446c0_58;
v000002a36d8446c0_59 .array/port v000002a36d8446c0, 59;
v000002a36d8446c0_60 .array/port v000002a36d8446c0, 60;
v000002a36d8446c0_61 .array/port v000002a36d8446c0, 61;
v000002a36d8446c0_62 .array/port v000002a36d8446c0, 62;
E_000002a36d842f90/15 .event anyedge, v000002a36d8446c0_59, v000002a36d8446c0_60, v000002a36d8446c0_61, v000002a36d8446c0_62;
v000002a36d8446c0_63 .array/port v000002a36d8446c0, 63;
E_000002a36d842f90/16 .event anyedge, v000002a36d8446c0_63;
E_000002a36d842f90 .event/or E_000002a36d842f90/0, E_000002a36d842f90/1, E_000002a36d842f90/2, E_000002a36d842f90/3, E_000002a36d842f90/4, E_000002a36d842f90/5, E_000002a36d842f90/6, E_000002a36d842f90/7, E_000002a36d842f90/8, E_000002a36d842f90/9, E_000002a36d842f90/10, E_000002a36d842f90/11, E_000002a36d842f90/12, E_000002a36d842f90/13, E_000002a36d842f90/14, E_000002a36d842f90/15, E_000002a36d842f90/16;
    .scope S_000002a36d83f4a0;
T_0 ;
    %pushi/vec4 0, 0, 8;
    %ix/load 4, 0, 0;
    %flag_set/imm 4, 0;
    %store/vec4a v000002a36d8446c0, 4, 0;
    %pushi/vec4 1, 0, 8;
    %ix/load 4, 1, 0;
    %flag_set/imm 4, 0;
    %store/vec4a v000002a36d8446c0, 4, 0;
    %pushi/vec4 2, 0, 8;
    %ix/load 4, 2, 0;
    %flag_set/imm 4, 0;
    %store/vec4a v000002a36d8446c0, 4, 0;
    %pushi/vec4 3, 0, 8;
    %ix/load 4, 3, 0;
    %flag_set/imm 4, 0;
    %store/vec4a v000002a36d8446c0, 4, 0;
    %pushi/vec4 4, 0, 8;
    %ix/load 4, 4, 0;
    %flag_set/imm 4, 0;
    %store/vec4a v000002a36d8446c0, 4, 0;
    %pushi/vec4 5, 0, 8;
    %ix/load 4, 5, 0;
    %flag_set/imm 4, 0;
    %store/vec4a v000002a36d8446c0, 4, 0;
    %pushi/vec4 6, 0, 8;
    %ix/load 4, 6, 0;
    %flag_set/imm 4, 0;
    %store/vec4a v000002a36d8446c0, 4, 0;
    %pushi/vec4 7, 0, 8;
    %ix/load 4, 7, 0;
    %flag_set/imm 4, 0;
    %store/vec4a v000002a36d8446c0, 4, 0;
    %pushi/vec4 8, 0, 8;
    %ix/load 4, 8, 0;
    %flag_set/imm 4, 0;
    %store/vec4a v000002a36d8446c0, 4, 0;
    %pushi/vec4 9, 0, 8;
    %ix/load 4, 9, 0;
    %flag_set/imm 4, 0;
    %store/vec4a v000002a36d8446c0, 4, 0;
    %pushi/vec4 10, 0, 8;
    %ix/load 4, 10, 0;
    %flag_set/imm 4, 0;
    %store/vec4a v000002a36d8446c0, 4, 0;
    %pushi/vec4 11, 0, 8;
    %ix/load 4, 11, 0;
    %flag_set/imm 4, 0;
    %store/vec4a v000002a36d8446c0, 4, 0;
    %pushi/vec4 12, 0, 8;
    %ix/load 4, 12, 0;
    %flag_set/imm 4, 0;
    %store/vec4a v000002a36d8446c0, 4, 0;
    %pushi/vec4 13, 0, 8;
    %ix/load 4, 13, 0;
    %flag_set/imm 4, 0;
    %store/vec4a v000002a36d8446c0, 4, 0;
    %pushi/vec4 14, 0, 8;
    %ix/load 4, 14, 0;
    %flag_set/imm 4, 0;
    %store/vec4a v000002a36d8446c0, 4, 0;
    %pushi/vec4 15, 0, 8;
    %ix/load 4, 15, 0;
    %flag_set/imm 4, 0;
    %store/vec4a v000002a36d8446c0, 4, 0;
    %pushi/vec4 16, 0, 8;
    %ix/load 4, 16, 0;
    %flag_set/imm 4, 0;
    %store/vec4a v000002a36d8446c0, 4, 0;
    %pushi/vec4 17, 0, 8;
    %ix/load 4, 17, 0;
    %flag_set/imm 4, 0;
    %store/vec4a v000002a36d8446c0, 4, 0;
    %pushi/vec4 18, 0, 8;
    %ix/load 4, 18, 0;
    %flag_set/imm 4, 0;
    %store/vec4a v000002a36d8446c0, 4, 0;
    %pushi/vec4 19, 0, 8;
    %ix/load 4, 19, 0;
    %flag_set/imm 4, 0;
    %store/vec4a v000002a36d8446c0, 4, 0;
    %pushi/vec4 20, 0, 8;
    %ix/load 4, 20, 0;
    %flag_set/imm 4, 0;
    %store/vec4a v000002a36d8446c0, 4, 0;
    %pushi/vec4 21, 0, 8;
    %ix/load 4, 21, 0;
    %flag_set/imm 4, 0;
    %store/vec4a v000002a36d8446c0, 4, 0;
    %pushi/vec4 22, 0, 8;
    %ix/load 4, 22, 0;
    %flag_set/imm 4, 0;
    %store/vec4a v000002a36d8446c0, 4, 0;
    %pushi/vec4 23, 0, 8;
    %ix/load 4, 23, 0;
    %flag_set/imm 4, 0;
    %store/vec4a v000002a36d8446c0, 4, 0;
    %pushi/vec4 24, 0, 8;
    %ix/load 4, 24, 0;
    %flag_set/imm 4, 0;
    %store/vec4a v000002a36d8446c0, 4, 0;
    %pushi/vec4 25, 0, 8;
    %ix/load 4, 25, 0;
    %flag_set/imm 4, 0;
    %store/vec4a v000002a36d8446c0, 4, 0;
    %pushi/vec4 26, 0, 8;
    %ix/load 4, 26, 0;
    %flag_set/imm 4, 0;
    %store/vec4a v000002a36d8446c0, 4, 0;
    %pushi/vec4 27, 0, 8;
    %ix/load 4, 27, 0;
    %flag_set/imm 4, 0;
    %store/vec4a v000002a36d8446c0, 4, 0;
    %pushi/vec4 28, 0, 8;
    %ix/load 4, 28, 0;
    %flag_set/imm 4, 0;
    %store/vec4a v000002a36d8446c0, 4, 0;
    %pushi/vec4 29, 0, 8;
    %ix/load 4, 29, 0;
    %flag_set/imm 4, 0;
    %store/vec4a v000002a36d8446c0, 4, 0;
    %pushi/vec4 30, 0, 8;
    %ix/load 4, 30, 0;
    %flag_set/imm 4, 0;
    %store/vec4a v000002a36d8446c0, 4, 0;
    %pushi/vec4 31, 0, 8;
    %ix/load 4, 31, 0;
    %flag_set/imm 4, 0;
    %store/vec4a v000002a36d8446c0, 4, 0;
    %pushi/vec4 32, 0, 8;
    %ix/load 4, 32, 0;
    %flag_set/imm 4, 0;
    %store/vec4a v000002a36d8446c0, 4, 0;
    %pushi/vec4 33, 0, 8;
    %ix/load 4, 33, 0;
    %flag_set/imm 4, 0;
    %store/vec4a v000002a36d8446c0, 4, 0;
    %pushi/vec4 34, 0, 8;
    %ix/load 4, 34, 0;
    %flag_set/imm 4, 0;
    %store/vec4a v000002a36d8446c0, 4, 0;
    %pushi/vec4 35, 0, 8;
    %ix/load 4, 35, 0;
    %flag_set/imm 4, 0;
    %store/vec4a v000002a36d8446c0, 4, 0;
    %pushi/vec4 36, 0, 8;
    %ix/load 4, 36, 0;
    %flag_set/imm 4, 0;
    %store/vec4a v000002a36d8446c0, 4, 0;
    %pushi/vec4 37, 0, 8;
    %ix/load 4, 37, 0;
    %flag_set/imm 4, 0;
    %store/vec4a v000002a36d8446c0, 4, 0;
    %pushi/vec4 38, 0, 8;
    %ix/load 4, 38, 0;
    %flag_set/imm 4, 0;
    %store/vec4a v000002a36d8446c0, 4, 0;
    %pushi/vec4 39, 0, 8;
    %ix/load 4, 39, 0;
    %flag_set/imm 4, 0;
    %store/vec4a v000002a36d8446c0, 4, 0;
    %pushi/vec4 40, 0, 8;
    %ix/load 4, 40, 0;
    %flag_set/imm 4, 0;
    %store/vec4a v000002a36d8446c0, 4, 0;
    %pushi/vec4 41, 0, 8;
    %ix/load 4, 41, 0;
    %flag_set/imm 4, 0;
    %store/vec4a v000002a36d8446c0, 4, 0;
    %pushi/vec4 42, 0, 8;
    %ix/load 4, 42, 0;
    %flag_set/imm 4, 0;
    %store/vec4a v000002a36d8446c0, 4, 0;
    %pushi/vec4 43, 0, 8;
    %ix/load 4, 43, 0;
    %flag_set/imm 4, 0;
    %store/vec4a v000002a36d8446c0, 4, 0;
    %pushi/vec4 44, 0, 8;
    %ix/load 4, 44, 0;
    %flag_set/imm 4, 0;
    %store/vec4a v000002a36d8446c0, 4, 0;
    %pushi/vec4 45, 0, 8;
    %ix/load 4, 45, 0;
    %flag_set/imm 4, 0;
    %store/vec4a v000002a36d8446c0, 4, 0;
    %pushi/vec4 46, 0, 8;
    %ix/load 4, 46, 0;
    %flag_set/imm 4, 0;
    %store/vec4a v000002a36d8446c0, 4, 0;
    %pushi/vec4 47, 0, 8;
    %ix/load 4, 47, 0;
    %flag_set/imm 4, 0;
    %store/vec4a v000002a36d8446c0, 4, 0;
    %pushi/vec4 48, 0, 8;
    %ix/load 4, 48, 0;
    %flag_set/imm 4, 0;
    %store/vec4a v000002a36d8446c0, 4, 0;
    %pushi/vec4 49, 0, 8;
    %ix/load 4, 49, 0;
    %flag_set/imm 4, 0;
    %store/vec4a v000002a36d8446c0, 4, 0;
    %pushi/vec4 50, 0, 8;
    %ix/load 4, 50, 0;
    %flag_set/imm 4, 0;
    %store/vec4a v000002a36d8446c0, 4, 0;
    %pushi/vec4 51, 0, 8;
    %ix/load 4, 51, 0;
    %flag_set/imm 4, 0;
    %store/vec4a v000002a36d8446c0, 4, 0;
    %pushi/vec4 52, 0, 8;
    %ix/load 4, 52, 0;
    %flag_set/imm 4, 0;
    %store/vec4a v000002a36d8446c0, 4, 0;
    %pushi/vec4 53, 0, 8;
    %ix/load 4, 53, 0;
    %flag_set/imm 4, 0;
    %store/vec4a v000002a36d8446c0, 4, 0;
    %pushi/vec4 54, 0, 8;
    %ix/load 4, 54, 0;
    %flag_set/imm 4, 0;
    %store/vec4a v000002a36d8446c0, 4, 0;
    %pushi/vec4 55, 0, 8;
    %ix/load 4, 55, 0;
    %flag_set/imm 4, 0;
    %store/vec4a v000002a36d8446c0, 4, 0;
    %pushi/vec4 56, 0, 8;
    %ix/load 4, 56, 0;
    %flag_set/imm 4, 0;
    %store/vec4a v000002a36d8446c0, 4, 0;
    %pushi/vec4 57, 0, 8;
    %ix/load 4, 57, 0;
    %flag_set/imm 4, 0;
    %store/vec4a v000002a36d8446c0, 4, 0;
    %pushi/vec4 58, 0, 8;
    %ix/load 4, 58, 0;
    %flag_set/imm 4, 0;
    %store/vec4a v000002a36d8446c0, 4, 0;
    %pushi/vec4 59, 0, 8;
    %ix/load 4, 59, 0;
    %flag_set/imm 4, 0;
    %store/vec4a v000002a36d8446c0, 4, 0;
    %pushi/vec4 60, 0, 8;
    %ix/load 4, 60, 0;
    %flag_set/imm 4, 0;
    %store/vec4a v000002a36d8446c0, 4, 0;
    %pushi/vec4 61, 0, 8;
    %ix/load 4, 61, 0;
    %flag_set/imm 4, 0;
    %store/vec4a v000002a36d8446c0, 4, 0;
    %pushi/vec4 62, 0, 8;
    %ix/load 4, 62, 0;
    %flag_set/imm 4, 0;
    %store/vec4a v000002a36d8446c0, 4, 0;
    %pushi/vec4 63, 0, 8;
    %ix/load 4, 63, 0;
    %flag_set/imm 4, 0;
    %store/vec4a v000002a36d8446c0, 4, 0;
    %end;
    .thread T_0;
    .scope S_000002a36d83f4a0;
T_1 ;
    %wait E_000002a36d842f90;
    %load/vec4 v000002a36d83f630_0;
    %pad/u 8;
    %ix/vec4 4;
    %load/vec4a v000002a36d8446c0, 4;
    %store/vec4 v000002a36d844620_0, 0, 8;
    %jmp T_1;
    .thread T_1, $push;
    .scope S_000002a36d83f310;
T_2 ;
    %pushi/vec4 0, 0, 6;
    %store/vec4 v000002a36d844760_0, 0, 6;
    %vpi_call/w 3 92 "$monitor", "At time %0t, address = %h, data = %h", $time, v000002a36d844760_0, v000002a36d7f6820_0 {0 0 0};
    %delay 10, 0;
    %pushi/vec4 0, 0, 6;
    %store/vec4 v000002a36d844760_0, 0, 6;
    %delay 10, 0;
    %pushi/vec4 1, 0, 6;
    %store/vec4 v000002a36d844760_0, 0, 6;
    %delay 10, 0;
    %pushi/vec4 2, 0, 6;
    %store/vec4 v000002a36d844760_0, 0, 6;
    %delay 10, 0;
    %pushi/vec4 3, 0, 6;
    %store/vec4 v000002a36d844760_0, 0, 6;
    %delay 10, 0;
    %pushi/vec4 4, 0, 6;
    %store/vec4 v000002a36d844760_0, 0, 6;
    %delay 10, 0;
    %pushi/vec4 5, 0, 6;
    %store/vec4 v000002a36d844760_0, 0, 6;
    %delay 10, 0;
    %pushi/vec4 6, 0, 6;
    %store/vec4 v000002a36d844760_0, 0, 6;
    %delay 10, 0;
    %pushi/vec4 7, 0, 6;
    %store/vec4 v000002a36d844760_0, 0, 6;
    %delay 10, 0;
    %pushi/vec4 8, 0, 6;
    %store/vec4 v000002a36d844760_0, 0, 6;
    %delay 10, 0;
    %pushi/vec4 9, 0, 6;
    %store/vec4 v000002a36d844760_0, 0, 6;
    %delay 10, 0;
    %pushi/vec4 10, 0, 6;
    %store/vec4 v000002a36d844760_0, 0, 6;
    %delay 10, 0;
    %pushi/vec4 11, 0, 6;
    %store/vec4 v000002a36d844760_0, 0, 6;
    %delay 10, 0;
    %pushi/vec4 12, 0, 6;
    %store/vec4 v000002a36d844760_0, 0, 6;
    %delay 10, 0;
    %pushi/vec4 13, 0, 6;
    %store/vec4 v000002a36d844760_0, 0, 6;
    %delay 10, 0;
    %pushi/vec4 14, 0, 6;
    %store/vec4 v000002a36d844760_0, 0, 6;
    %delay 10, 0;
    %pushi/vec4 15, 0, 6;
    %store/vec4 v000002a36d844760_0, 0, 6;
    %delay 10, 0;
    %pushi/vec4 16, 0, 6;
    %store/vec4 v000002a36d844760_0, 0, 6;
    %delay 10, 0;
    %pushi/vec4 17, 0, 6;
    %store/vec4 v000002a36d844760_0, 0, 6;
    %delay 10, 0;
    %pushi/vec4 18, 0, 6;
    %store/vec4 v000002a36d844760_0, 0, 6;
    %delay 10, 0;
    %pushi/vec4 19, 0, 6;
    %store/vec4 v000002a36d844760_0, 0, 6;
    %delay 10, 0;
    %pushi/vec4 20, 0, 6;
    %store/vec4 v000002a36d844760_0, 0, 6;
    %delay 10, 0;
    %pushi/vec4 21, 0, 6;
    %store/vec4 v000002a36d844760_0, 0, 6;
    %delay 10, 0;
    %pushi/vec4 22, 0, 6;
    %store/vec4 v000002a36d844760_0, 0, 6;
    %delay 10, 0;
    %pushi/vec4 23, 0, 6;
    %store/vec4 v000002a36d844760_0, 0, 6;
    %delay 10, 0;
    %pushi/vec4 24, 0, 6;
    %store/vec4 v000002a36d844760_0, 0, 6;
    %delay 10, 0;
    %pushi/vec4 25, 0, 6;
    %store/vec4 v000002a36d844760_0, 0, 6;
    %delay 10, 0;
    %pushi/vec4 26, 0, 6;
    %store/vec4 v000002a36d844760_0, 0, 6;
    %delay 10, 0;
    %pushi/vec4 27, 0, 6;
    %store/vec4 v000002a36d844760_0, 0, 6;
    %delay 10, 0;
    %pushi/vec4 28, 0, 6;
    %store/vec4 v000002a36d844760_0, 0, 6;
    %delay 10, 0;
    %pushi/vec4 29, 0, 6;
    %store/vec4 v000002a36d844760_0, 0, 6;
    %delay 10, 0;
    %pushi/vec4 30, 0, 6;
    %store/vec4 v000002a36d844760_0, 0, 6;
    %delay 10, 0;
    %pushi/vec4 31, 0, 6;
    %store/vec4 v000002a36d844760_0, 0, 6;
    %delay 10, 0;
    %pushi/vec4 32, 0, 6;
    %store/vec4 v000002a36d844760_0, 0, 6;
    %delay 10, 0;
    %pushi/vec4 33, 0, 6;
    %store/vec4 v000002a36d844760_0, 0, 6;
    %delay 10, 0;
    %pushi/vec4 34, 0, 6;
    %store/vec4 v000002a36d844760_0, 0, 6;
    %delay 10, 0;
    %pushi/vec4 35, 0, 6;
    %store/vec4 v000002a36d844760_0, 0, 6;
    %delay 10, 0;
    %pushi/vec4 36, 0, 6;
    %store/vec4 v000002a36d844760_0, 0, 6;
    %delay 10, 0;
    %pushi/vec4 37, 0, 6;
    %store/vec4 v000002a36d844760_0, 0, 6;
    %delay 10, 0;
    %pushi/vec4 38, 0, 6;
    %store/vec4 v000002a36d844760_0, 0, 6;
    %delay 10, 0;
    %pushi/vec4 39, 0, 6;
    %store/vec4 v000002a36d844760_0, 0, 6;
    %delay 10, 0;
    %pushi/vec4 40, 0, 6;
    %store/vec4 v000002a36d844760_0, 0, 6;
    %delay 10, 0;
    %pushi/vec4 41, 0, 6;
    %store/vec4 v000002a36d844760_0, 0, 6;
    %delay 10, 0;
    %pushi/vec4 42, 0, 6;
    %store/vec4 v000002a36d844760_0, 0, 6;
    %delay 10, 0;
    %pushi/vec4 43, 0, 6;
    %store/vec4 v000002a36d844760_0, 0, 6;
    %delay 10, 0;
    %pushi/vec4 44, 0, 6;
    %store/vec4 v000002a36d844760_0, 0, 6;
    %delay 10, 0;
    %pushi/vec4 45, 0, 6;
    %store/vec4 v000002a36d844760_0, 0, 6;
    %delay 10, 0;
    %pushi/vec4 46, 0, 6;
    %store/vec4 v000002a36d844760_0, 0, 6;
    %delay 10, 0;
    %pushi/vec4 47, 0, 6;
    %store/vec4 v000002a36d844760_0, 0, 6;
    %delay 10, 0;
    %pushi/vec4 48, 0, 6;
    %store/vec4 v000002a36d844760_0, 0, 6;
    %delay 10, 0;
    %pushi/vec4 49, 0, 6;
    %store/vec4 v000002a36d844760_0, 0, 6;
    %delay 10, 0;
    %pushi/vec4 50, 0, 6;
    %store/vec4 v000002a36d844760_0, 0, 6;
    %delay 10, 0;
    %pushi/vec4 51, 0, 6;
    %store/vec4 v000002a36d844760_0, 0, 6;
    %delay 10, 0;
    %pushi/vec4 52, 0, 6;
    %store/vec4 v000002a36d844760_0, 0, 6;
    %delay 10, 0;
    %pushi/vec4 53, 0, 6;
    %store/vec4 v000002a36d844760_0, 0, 6;
    %delay 10, 0;
    %pushi/vec4 54, 0, 6;
    %store/vec4 v000002a36d844760_0, 0, 6;
    %delay 10, 0;
    %pushi/vec4 55, 0, 6;
    %store/vec4 v000002a36d844760_0, 0, 6;
    %delay 10, 0;
    %pushi/vec4 56, 0, 6;
    %store/vec4 v000002a36d844760_0, 0, 6;
    %delay 10, 0;
    %pushi/vec4 57, 0, 6;
    %store/vec4 v000002a36d844760_0, 0, 6;
    %delay 10, 0;
    %pushi/vec4 58, 0, 6;
    %store/vec4 v000002a36d844760_0, 0, 6;
    %delay 10, 0;
    %pushi/vec4 59, 0, 6;
    %store/vec4 v000002a36d844760_0, 0, 6;
    %delay 10, 0;
    %pushi/vec4 60, 0, 6;
    %store/vec4 v000002a36d844760_0, 0, 6;
    %delay 10, 0;
    %pushi/vec4 61, 0, 6;
    %store/vec4 v000002a36d844760_0, 0, 6;
    %delay 10, 0;
    %pushi/vec4 62, 0, 6;
    %store/vec4 v000002a36d844760_0, 0, 6;
    %delay 10, 0;
    %pushi/vec4 63, 0, 6;
    %store/vec4 v000002a36d844760_0, 0, 6;
    %delay 10, 0;
    %vpi_call/w 3 158 "$finish" {0 0 0};
    %end;
    .thread T_2;
# The file index is used to find the file name in the following table.
:file_names 4;
    "N/A";
    "<interactive>";
    "-";
    "Verilog\rom_2.v";
