#! /c/Source/iverilog-install/bin/vvp
:ivl_version "12.0 (devel)" "(s20150603-1539-g2693dd32b)";
:ivl_delay_selection "TYPICAL";
:vpi_time_precision + 0;
:vpi_module "C:\iverilog\lib\ivl\system.vpi";
:vpi_module "C:\iverilog\lib\ivl\vhdl_sys.vpi";
:vpi_module "C:\iverilog\lib\ivl\vhdl_textio.vpi";
:vpi_module "C:\iverilog\lib\ivl\v2005_math.vpi";
:vpi_module "C:\iverilog\lib\ivl\va_math.vpi";
:vpi_module "C:\iverilog\lib\ivl\v2009.vpi";
S_00000232c1205710 .scope package, "$unit" "$unit" 2 1;
 .timescale 0 0;
S_00000232c12058a0 .scope module, "tb_half_adder" "tb_half_adder" 3 16;
 .timescale 0 0;
v00000232c130be70_0 .var "a", 0 0;
v00000232c130bf10_0 .var "b", 0 0;
v00000232c13067a0_0 .net "carry", 0 0, L_00000232c1306f30;  1 drivers
v00000232c1306840_0 .net "sum", 0 0, L_00000232c1309230;  1 drivers
S_00000232c1306610 .scope module, "uut" "half_adder" 3 27, 3 2 0, S_00000232c12058a0;
 .timescale 0 0;
    .port_info 0 /INPUT 1 "a";
    .port_info 1 /INPUT 1 "b";
    .port_info 2 /OUTPUT 1 "sum";
    .port_info 3 /OUTPUT 1 "carry";
L_00000232c1309230 .functor XOR 1, v00000232c130be70_0, v00000232c130bf10_0, C4<0>, C4<0>;
L_00000232c1306f30 .functor AND 1, v00000232c130be70_0, v00000232c130bf10_0, C4<1>, C4<1>;
v00000232c1306d10_0 .net "a", 0 0, v00000232c130be70_0;  1 drivers
v00000232c1309190_0 .net "b", 0 0, v00000232c130bf10_0;  1 drivers
v00000232c1205a30_0 .net "carry", 0 0, L_00000232c1306f30;  alias, 1 drivers
v00000232c1205ad0_0 .net "sum", 0 0, L_00000232c1309230;  alias, 1 drivers
    .scope S_00000232c12058a0;
T_0 ;
    %vpi_call/w 3 37 "$monitor", "Time: %0t | a = %b, b = %b | sum = %b, carry = %b", $time, v00000232c130be70_0, v00000232c130bf10_0, v00000232c1306840_0, v00000232c13067a0_0 {0 0 0};
    %pushi/vec4 0, 0, 1;
    %store/vec4 v00000232c130be70_0, 0, 1;
    %pushi/vec4 0, 0, 1;
    %store/vec4 v00000232c130bf10_0, 0, 1;
    %delay 10, 0;
    %pushi/vec4 0, 0, 1;
    %store/vec4 v00000232c130be70_0, 0, 1;
    %pushi/vec4 1, 0, 1;
    %store/vec4 v00000232c130bf10_0, 0, 1;
    %delay 10, 0;
    %pushi/vec4 1, 0, 1;
    %store/vec4 v00000232c130be70_0, 0, 1;
    %pushi/vec4 0, 0, 1;
    %store/vec4 v00000232c130bf10_0, 0, 1;
    %delay 10, 0;
    %pushi/vec4 1, 0, 1;
    %store/vec4 v00000232c130be70_0, 0, 1;
    %pushi/vec4 1, 0, 1;
    %store/vec4 v00000232c130bf10_0, 0, 1;
    %delay 10, 0;
    %vpi_call/w 3 46 "$finish" {0 0 0};
    %end;
    .thread T_0;
# The file index is used to find the file name in the following table.
:file_names 4;
    "N/A";
    "<interactive>";
    "-";
    "Practice\simple.v";
