#! /c/Source/iverilog-install/bin/vvp
:ivl_version "12.0 (devel)" "(s20150603-1539-g2693dd32b)";
:ivl_delay_selection "TYPICAL";
:vpi_time_precision + 0;
:vpi_module "C:\iverilog\lib\ivl\system.vpi";
:vpi_module "C:\iverilog\lib\ivl\vhdl_sys.vpi";
:vpi_module "C:\iverilog\lib\ivl\vhdl_textio.vpi";
:vpi_module "C:\iverilog\lib\ivl\v2005_math.vpi";
:vpi_module "C:\iverilog\lib\ivl\va_math.vpi";
S_000001b300fbbe00 .scope module, "testbench" "testbench" 2 15;
 .timescale 0 0;
v000001b30104b840_0 .var "Clock", 0 0;
v000001b30104b8e0_0 .var "Data_in", 31 0;
v000001b30104b980_0 .net "Data_out", 31 0, v000001b301005e20_0;  1 drivers
v000001b30104ba20_0 .var "En", 0 0;
v000001b30104bac0_0 .var "Reset", 0 0;
S_000001b301005bf0 .scope module, "DUT" "register32b" 2 19, 2 1 0, S_000001b300fbbe00;
 .timescale 0 0;
    .port_info 0 /OUTPUT 32 "Data_out";
    .port_info 1 /INPUT 1 "Clock";
    .port_info 2 /INPUT 1 "Reset";
    .port_info 3 /INPUT 1 "En";
    .port_info 4 /INPUT 32 "Data_in";
v000001b301005d80_0 .net "Clock", 0 0, v000001b30104b840_0;  1 drivers
v000001b300fb64c0_0 .net "Data_in", 31 0, v000001b30104b8e0_0;  1 drivers
v000001b301005e20_0 .var "Data_out", 31 0;
v000001b301005ec0_0 .net "En", 0 0, v000001b30104ba20_0;  1 drivers
v000001b301005f60_0 .net "Reset", 0 0, v000001b30104bac0_0;  1 drivers
E_000001b300ff6070/0 .event negedge, v000001b301005f60_0;
E_000001b300ff6070/1 .event posedge, v000001b301005d80_0;
E_000001b300ff6070 .event/or E_000001b300ff6070/0, E_000001b300ff6070/1;
    .scope S_000001b301005bf0;
T_0 ;
    %wait E_000001b300ff6070;
    %load/vec4 v000001b301005f60_0;
    %nor/r;
    %flag_set/vec4 8;
    %jmp/0xz  T_0.0, 8;
    %pushi/vec4 0, 0, 32;
    %assign/vec4 v000001b301005e20_0, 0;
    %jmp T_0.1;
T_0.0 ;
    %load/vec4 v000001b301005ec0_0;
    %flag_set/vec4 8;
    %jmp/0xz  T_0.2, 8;
    %load/vec4 v000001b300fb64c0_0;
    %assign/vec4 v000001b301005e20_0, 0;
T_0.2 ;
T_0.1 ;
    %jmp T_0;
    .thread T_0;
    .scope S_000001b300fbbe00;
T_1 ;
    %vpi_call 2 22 "$monitor", $time, " Data_in = %b, Clock = %b, Reset = %b, En = %b, Data_out = %b", v000001b30104b8e0_0, v000001b30104b840_0, v000001b30104bac0_0, v000001b30104ba20_0, v000001b30104b980_0 {0 0 0};
    %pushi/vec4 0, 0, 1;
    %store/vec4 v000001b30104b840_0, 0, 1;
    %pushi/vec4 1, 0, 1;
    %store/vec4 v000001b30104bac0_0, 0, 1;
    %pushi/vec4 1, 0, 1;
    %store/vec4 v000001b30104ba20_0, 0, 1;
    %delay 10, 0;
    %pushi/vec4 8, 0, 32;
    %store/vec4 v000001b30104b8e0_0, 0, 32;
    %delay 10, 0;
    %pushi/vec4 16, 0, 32;
    %store/vec4 v000001b30104b8e0_0, 0, 32;
    %delay 10, 0;
    %pushi/vec4 10, 0, 32;
    %store/vec4 v000001b30104b8e0_0, 0, 32;
    %delay 10, 0;
    %pushi/vec4 6, 0, 32;
    %store/vec4 v000001b30104b8e0_0, 0, 32;
    %delay 10, 0;
    %vpi_call 2 32 "$finish" {0 0 0};
    %end;
    .thread T_1;
    .scope S_000001b300fbbe00;
T_2 ;
    %delay 5, 0;
    %load/vec4 v000001b30104b840_0;
    %inv;
    %store/vec4 v000001b30104b840_0, 0, 1;
    %jmp T_2;
    .thread T_2;
# The file index is used to find the file name in the following table.
:file_names 3;
    "N/A";
    "<interactive>";
    "7_2.3..v";
