#! /c/Source/iverilog-install/bin/vvp
:ivl_version "12.0 (devel)" "(s20150603-1539-g2693dd32b)";
:ivl_delay_selection "TYPICAL";
:vpi_time_precision + 0;
:vpi_module "C:\iverilog\lib\ivl\system.vpi";
:vpi_module "C:\iverilog\lib\ivl\vhdl_sys.vpi";
:vpi_module "C:\iverilog\lib\ivl\vhdl_textio.vpi";
:vpi_module "C:\iverilog\lib\ivl\v2005_math.vpi";
:vpi_module "C:\iverilog\lib\ivl\va_math.vpi";
S_000002ad4d9461d0 .scope module, "shift_register_8_stage" "shift_register_8_stage" 2 1;
 .timescale 0 0;
    .port_info 0 /INPUT 1 "clk";
    .port_info 1 /INPUT 1 "reset";
    .port_info 2 /INPUT 16 "d";
    .port_info 3 /OUTPUT 16 "A";
    .port_info 4 /OUTPUT 16 "B";
    .port_info 5 /OUTPUT 16 "C";
    .port_info 6 /OUTPUT 16 "D";
    .port_info 7 /OUTPUT 16 "E";
    .port_info 8 /OUTPUT 16 "F";
    .port_info 9 /OUTPUT 16 "G";
    .port_info 10 /OUTPUT 16 "H";
v000002ad4d946720_0 .var "A", 15 0;
v000002ad4d946420_0 .var "B", 15 0;
v000002ad4d9464c0_0 .var "C", 15 0;
v000002ad4d94bbe0_0 .var "D", 15 0;
v000002ad4d94bc80_0 .var "E", 15 0;
v000002ad4d94bd20_0 .var "F", 15 0;
v000002ad4d94bdc0_0 .var "G", 15 0;
v000002ad4d94be60_0 .var "H", 15 0;
o000002ad4d99b128 .functor BUFZ 1, C4<z>; HiZ drive
v000002ad4d94bf00_0 .net "clk", 0 0, o000002ad4d99b128;  0 drivers
o000002ad4d99b158 .functor BUFZ 16, C4<zzzzzzzzzzzzzzzz>; HiZ drive
v000002ad4d992720_0 .net "d", 15 0, o000002ad4d99b158;  0 drivers
o000002ad4d99b188 .functor BUFZ 1, C4<z>; HiZ drive
v000002ad4d9927c0_0 .net "reset", 0 0, o000002ad4d99b188;  0 drivers
E_000002ad4d948d60 .event posedge, v000002ad4d9927c0_0, v000002ad4d94bf00_0;
    .scope S_000002ad4d9461d0;
T_0 ;
    %wait E_000002ad4d948d60;
    %load/vec4 v000002ad4d9927c0_0;
    %flag_set/vec4 8;
    %jmp/0xz  T_0.0, 8;
    %pushi/vec4 0, 0, 16;
    %assign/vec4 v000002ad4d946720_0, 0;
    %pushi/vec4 0, 0, 16;
    %assign/vec4 v000002ad4d946420_0, 0;
    %pushi/vec4 0, 0, 16;
    %assign/vec4 v000002ad4d9464c0_0, 0;
    %pushi/vec4 0, 0, 16;
    %assign/vec4 v000002ad4d94bbe0_0, 0;
    %pushi/vec4 0, 0, 16;
    %assign/vec4 v000002ad4d94bc80_0, 0;
    %pushi/vec4 0, 0, 16;
    %assign/vec4 v000002ad4d94bd20_0, 0;
    %pushi/vec4 0, 0, 16;
    %assign/vec4 v000002ad4d94bdc0_0, 0;
    %pushi/vec4 0, 0, 16;
    %assign/vec4 v000002ad4d94be60_0, 0;
    %jmp T_0.1;
T_0.0 ;
    %load/vec4 v000002ad4d94bdc0_0;
    %assign/vec4 v000002ad4d94be60_0, 0;
    %load/vec4 v000002ad4d94bd20_0;
    %assign/vec4 v000002ad4d94bdc0_0, 0;
    %load/vec4 v000002ad4d94bc80_0;
    %assign/vec4 v000002ad4d94bd20_0, 0;
    %load/vec4 v000002ad4d94bbe0_0;
    %assign/vec4 v000002ad4d94bc80_0, 0;
    %load/vec4 v000002ad4d9464c0_0;
    %assign/vec4 v000002ad4d94bbe0_0, 0;
    %load/vec4 v000002ad4d946420_0;
    %assign/vec4 v000002ad4d9464c0_0, 0;
    %load/vec4 v000002ad4d946720_0;
    %assign/vec4 v000002ad4d946420_0, 0;
    %load/vec4 v000002ad4d992720_0;
    %assign/vec4 v000002ad4d946720_0, 0;
T_0.1 ;
    %jmp T_0;
    .thread T_0;
# The file index is used to find the file name in the following table.
:file_names 3;
    "N/A";
    "<interactive>";
    "7_2.4.V";
